#
# A fatal error has been detected by the Java Runtime Environment:
#
#  SIGSEGV (0xb) at pc=0x00007f42abc95a68, pid=3040, tid=3184
#
# JRE version: OpenJDK Runtime Environment Temurin-11.0.12+7 (11.0.12+7) (build 11.0.12+7)
# Java VM: OpenJDK 64-Bit Server VM Temurin-11.0.12+7 (11.0.12+7, mixed mode, tiered, compressed oops, g1 gc, linux-amd64)
# Problematic frame:
# V  [libjvm.so+0x895a68]  PhaseIFG::SquareUp()+0xe8
#
# Core dump will be written. Default location: Core dumps may be processed with "/usr/lib/systemd/systemd-coredump %P %u %g %s %t %c %h %d %F" (or dumping to /home/louis/my/internship/thesis/core.3040)
#
# If you would like to submit a bug report, please visit:
#   https://github.com/adoptium/adoptium-support/issues
#

---------------  S U M M A R Y ------------

Command Line: -Xms64m -Xmx512m -Dapp.name=ltex-ls -Dapp.pid=3040 -Dapp.repo=/home/louis/.vscode/extensions/valentjn.vscode-ltex-13.1.0/lib/ltex-ls-15.2.0/lib -Dapp.home=/home/louis/.vscode/extensions/valentjn.vscode-ltex-13.1.0/lib/ltex-ls-15.2.0 -Dbasedir=/home/louis/.vscode/extensions/valentjn.vscode-ltex-13.1.0/lib/ltex-ls-15.2.0 org.bsplines.ltexls.LtexLanguageServerLauncher

Host: AMD Ryzen 7 5700U with Radeon Graphics, 16 cores, 30G, EndeavourOS Linux
Time: Thu Oct  2 00:58:57 2025 CEST elapsed time: 2.497963 seconds (0d 0h 0m 2s)

---------------  T H R E A D  ---------------

Current thread (0x00007f425c0ca000):  JavaThread "C2 CompilerThread2" daemon [_thread_in_native, id=3184, stack(0x00007f4280b00000,0x00007f4280c00000)]


Current CompileTask:
C2:   2498 2608       4       org.languagetool.rules.patterns.PatternRuleHandler::createRules (648 bytes)

Stack: [0x00007f4280b00000,0x00007f4280c00000],  sp=0x00007f4280bfb3d0,  free space=1004k
Native frames: (J=compiled Java code, A=aot compiled Java code, j=interpreted, Vv=VM code, C=native code)
V  [libjvm.so+0x895a68]  PhaseIFG::SquareUp()+0xe8
V  [libjvm.so+0x5abc83]  PhaseChaitin::Register_Allocate()+0x733
V  [libjvm.so+0x67008a]  Compile::Code_Gen()+0x28a
V  [libjvm.so+0x673658]  Compile::Compile(ciEnv*, C2Compiler*, ciMethod*, int, bool, bool, bool, DirectiveSet*)+0xc58
V  [libjvm.so+0x586350]  C2Compiler::compile_method(ciEnv*, ciMethod*, int, DirectiveSet*)+0xc0
V  [libjvm.so+0x67dcb4]  CompileBroker::invoke_compiler_on_method(CompileTask*)+0x4f4
V  [libjvm.so+0x67f5c8]  CompileBroker::compiler_thread_loop()+0x5a8
V  [libjvm.so+0xedbbca]  JavaThread::thread_main_inner()+0x1ba
V  [libjvm.so+0xed863f]  Thread::call_run()+0x14f
V  [libjvm.so+0xc773fe]  thread_native_entry(Thread*)+0xee
C  [libc.so.6+0x969cb]


siginfo: si_signo: 11 (SIGSEGV), si_code: 1 (SEGV_MAPERR), si_addr: 0x0000000000000028

Register to memory mapping:

RAX=0x0 is NULL
RBX=0x0000000010000000 is an unknown value
RCX=0x00000000000029ad is an unknown value
RDX=0x00007f4240bf1a20 points into unknown readable memory: 0x0000000000000000 | 00 00 00 00 00 00 00 00
RSP=0x00007f4280bfb3d0 is pointing into the stack for thread: 0x00007f425c0ca000
RBP=0x00007f4280bfb450 is pointing into the stack for thread: 0x00007f425c0ca000
RSI=0x000000000000000c is an unknown value
RDI=0x0000000000000028 is an unknown value
R8 =0x0000000000001800 is an unknown value
R9 =0x0 is NULL
R10=0x0 is NULL
R11=0x0 is NULL
R12=0x0000000000000004 is an unknown value
R13=0x00007f4280bfb3e0 is pointing into the stack for thread: 0x00007f425c0ca000
R14=0x00007f4280bfb520 is pointing into the stack for thread: 0x00007f425c0ca000
R15=0x000000000000053c is an unknown value


Registers:
RAX=0x0000000000000000, RBX=0x0000000010000000, RCX=0x00000000000029ad, RDX=0x00007f4240bf1a20
RSP=0x00007f4280bfb3d0, RBP=0x00007f4280bfb450, RSI=0x000000000000000c, RDI=0x0000000000000028
R8 =0x0000000000001800, R9 =0x0000000000000000, R10=0x0000000000000000, R11=0x0000000000000000
R12=0x0000000000000004, R13=0x00007f4280bfb3e0, R14=0x00007f4280bfb520, R15=0x000000000000053c
RIP=0x00007f42abc95a68, EFLAGS=0x0000000000010202, CSGSFS=0x002b000000000033, ERR=0x0000000000000004
  TRAPNO=0x000000000000000e

Top of Stack: (sp=0x00007f4280bfb3d0)
0x00007f4280bfb3d0:   00007f4240bf0620 0000000000000028
0x00007f4280bfb3e0:   000029ad00033381 000007ef00000006
0x00007f4280bfb3f0:   00007f42ac98a540 000000000000002a
0x00007f4280bfb400:   00007f425c78e8a0 00007f420000002a 

Instructions: (pc=0x00007f42abc95a68)
0x00007f42abc95968:   d1 d3 e6 85 34 87 0f 95 c0 0f b6 c0 c3 90 66 2e
0x00007f42abc95978:   0f 1f 84 00 00 00 00 00 55 48 89 e5 41 57 41 56
0x00007f42abc95988:   41 55 41 54 49 89 fe 53 48 83 ec 58 8b 47 28 85
0x00007f42abc95998:   c0 0f 84 1b 01 00 00 4c 8d 6d 90 45 31 ff 66 2e
0x00007f42abc959a8:   0f 1f 84 00 00 00 00 00 44 89 f8 44 89 fb 4c 89
0x00007f42abc959b8:   ef 48 8d 34 80 c1 eb 08 45 89 fc 41 c1 ec 05 48
0x00007f42abc959c8:   c1 e6 05 49 03 76 10 41 83 e4 07 49 c1 e4 02 e8
0x00007f42abc959d8:   c4 c9 00 00 48 8d 04 dd 00 00 00 00 44 89 f9 bb
0x00007f42abc959e8:   01 00 00 00 d3 e3 48 89 45 88 66 0f 1f 44 00 00
0x00007f42abc959f8:   8b 55 90 85 d2 0f 84 9d 00 00 00 89 d1 8b 45 94
0x00007f42abc95a08:   83 e1 1f 85 c9 89 ce 75 16 0f 1f 80 00 00 00 00
0x00007f42abc95a18:   c1 ea 05 83 c0 05 89 d1 83 e1 1f 74 f3 89 ce 48
0x00007f42abc95a28:   8d 0d 72 5f 78 00 0f b6 0c 31 d3 ea 01 c1 89 55
0x00007f42abc95a38:   90 48 8d 15 80 5f 78 00 89 4d 94 0f b6 14 32 01
0x00007f42abc95a48:   d0 85 c0 74 5f 45 85 ff 74 a6 89 c0 48 8b 7d 88
0x00007f42abc95a58:   48 8d 14 80 48 c1 e2 05 49 03 56 10 48 8b 42 08
0x00007f42abc95a68:   48 8b 04 38 48 3b 05 cd 4f ca 00 74 59 4c 01 e0
0x00007f42abc95a78:   89 de 8b 08 09 ce 85 cb 89 30 0f 85 70 ff ff ff
0x00007f42abc95a88:   83 02 01 8b 55 90 85 d2 0f 85 6d ff ff ff 66 2e
0x00007f42abc95a98:   0f 1f 84 00 00 00 00 00 4c 89 ef e8 c8 c9 00 00
0x00007f42abc95aa8:   85 c0 75 a1 41 83 c7 01 45 39 7e 28 0f 87 f6 fe
0x00007f42abc95ab8:   ff ff 41 c6 46 18 01 48 83 c4 58 5b 41 5c 41 5d
0x00007f42abc95ac8:   41 5e 41 5f 5d c3 44 89 fe 48 89 d7 48 89 55 80
0x00007f42abc95ad8:   e8 93 c2 00 00 4c 01 e0 89 de 48 8b 55 80 8b 08
0x00007f42abc95ae8:   09 ce 85 cb 89 30 74 98 e9 03 ff ff ff 90 66 2e
0x00007f42abc95af8:   0f 1f 84 00 00 00 00 00 8b 47 28 85 c0 0f 84 1a
0x00007f42abc95b08:   01 00 00 55 48 89 e5 41 57 41 56 48 8d 45 90 41
0x00007f42abc95b18:   55 41 54 53 49 89 ff 48 83 ec 58 c7 45 8c 00 00
0x00007f42abc95b28:   00 00 48 89 45 80 66 90 8b 45 8c 4d 8b 6f 20 45
0x00007f42abc95b38:   31 f6 48 8b 7d 80 48 8d 34 80 48 c1 e6 05 49 01
0x00007f42abc95b48:   f5 49 03 77 10 45 0f b6 a5 99 00 00 00 41 0f b7
0x00007f42abc95b58:   9d 94 00 00 00 e8 3e c8 00 00 8b 55 90 41 83 e4 


Stack slot to memory mapping:
stack at sp + 0 slots: 0x00007f4240bf0620 points into unknown readable memory: 0x0000000000000006 | 06 00 00 00 00 00 00 00
stack at sp + 1 slots: 0x0000000000000028 is an unknown value
stack at sp + 2 slots: 0x000029ad00033381 is an unknown value
stack at sp + 3 slots: 0x000007ef00000006 is an unknown value
stack at sp + 4 slots: 0x00007f42ac98a540: <offset 0x000000000158a540> in /home/louis/.vscode/extensions/valentjn.vscode-ltex-13.1.0/lib/ltex-ls-15.2.0/jdk-11.0.12+7/lib/server/libjvm.so at 0x00007f42ab400000
stack at sp + 5 slots: 0x000000000000002a is an unknown value
stack at sp + 6 slots: 0x00007f425c78e8a0 points into unknown readable memory: 0x00007f42ac98ad40 | 40 ad 98 ac 42 7f 00 00
stack at sp + 7 slots: 0x00007f420000002a is an unknown value


---------------  P R O C E S S  ---------------

Threads class SMR info:
_java_thread_list=0x00007f423416b850, length=19, elements={
0x00007f42a402c000, 0x00007f42a4128800, 0x00007f42a412b000, 0x00007f42a4140800,
0x00007f42a4142800, 0x00007f42a4144800, 0x00007f42a4149000, 0x00007f42a414b000,
0x00007f426003c000, 0x00007f42a41d4800, 0x00007f425c05e000, 0x00007f4258161800,
0x00007f425c0ca000, 0x00007f424812a000, 0x00007f42581dc800, 0x00007f423409d000,
0x00007f4258212800, 0x00007f4234168000, 0x00007f423416a000
}

Java Threads: ( => current thread )
  0x00007f42a402c000 JavaThread "main" [_thread_in_vm, id=3044, stack(0x00007f42acd00000,0x00007f42ace00000)]
  0x00007f42a4128800 JavaThread "Reference Handler" daemon [_thread_blocked, id=3051, stack(0x00007f4282dfe000,0x00007f4282efe000)]
  0x00007f42a412b000 JavaThread "Finalizer" daemon [_thread_blocked, id=3052, stack(0x00007f4282cfe000,0x00007f4282dfe000)]
  0x00007f42a4140800 JavaThread "Signal Dispatcher" daemon [_thread_blocked, id=3054, stack(0x00007f4282900000,0x00007f4282a00000)]
  0x00007f42a4142800 JavaThread "Service Thread" daemon [_thread_blocked, id=3055, stack(0x00007f4282800000,0x00007f4282900000)]
  0x00007f42a4144800 JavaThread "C2 CompilerThread0" daemon [_thread_in_native, id=3056, stack(0x00007f4282700000,0x00007f4282800000)]
  0x00007f42a4149000 JavaThread "C1 CompilerThread0" daemon [_thread_blocked, id=3057, stack(0x00007f4282600000,0x00007f4282700000)]
  0x00007f42a414b000 JavaThread "Sweeper thread" daemon [_thread_blocked, id=3058, stack(0x00007f4282500000,0x00007f4282600000)]
  0x00007f426003c000 JavaThread "C1 CompilerThread1" daemon [_thread_blocked, id=3086, stack(0x00007f4282400000,0x00007f4282500000)]
  0x00007f42a41d4800 JavaThread "Common-Cleaner" daemon [_thread_blocked, id=3088, stack(0x00007f42821fe000,0x00007f42822fe000)]
  0x00007f425c05e000 JavaThread "C2 CompilerThread1" daemon [_thread_in_native, id=3091, stack(0x00007f42820fe000,0x00007f42821fe000)]
  0x00007f4258161800 JavaThread "C1 CompilerThread2" daemon [_thread_blocked, id=3111, stack(0x00007f4281d00000,0x00007f4281e00000)]
=>0x00007f425c0ca000 JavaThread "C2 CompilerThread2" daemon [_thread_in_native, id=3184, stack(0x00007f4280b00000,0x00007f4280c00000)]
  0x00007f424812a000 JavaThread "C1 CompilerThread3" daemon [_thread_blocked, id=3185, stack(0x00007f4280a00000,0x00007f4280b00000)]
  0x00007f42581dc800 JavaThread "C2 CompilerThread3" daemon [_thread_blocked, id=3187, stack(0x00007f4280900000,0x00007f4280a00000)]
  0x00007f423409d000 JavaThread "C2 CompilerThread4" daemon [_thread_blocked, id=3188, stack(0x00007f4280800000,0x00007f4280900000)]
  0x00007f4258212800 JavaThread "C2 CompilerThread5" daemon [_thread_blocked, id=3189, stack(0x00007f4280500000,0x00007f4280600000)]
  0x00007f4234168000 JavaThread "C2 CompilerThread6" daemon [_thread_in_native, id=3190, stack(0x00007f4280400000,0x00007f4280500000)]
  0x00007f423416a000 JavaThread "C2 CompilerThread7" daemon [_thread_in_native, id=3191, stack(0x00007f4280300000,0x00007f4280400000)]

Other Threads:
  0x00007f42a411f800 VMThread "VM Thread" [stack: 0x00007f4282f00000,0x00007f4283000000] [id=3050]
  0x00007f42a41ca800 WatcherThread [stack: 0x00007f4282300000,0x00007f4282400000] [id=3087]
  0x00007f42a4046000 GCTaskThread "GC Thread#0" [stack: 0x00007f42ab217000,0x00007f42ab317000] [id=3045]
  0x00007f4278001000 GCTaskThread "GC Thread#1" [stack: 0x00007f4281900000,0x00007f4281a00000] [id=3175]
  0x00007f42a4057000 ConcurrentGCThread "G1 Main Marker" [stack: 0x00007f42a8500000,0x00007f42a8600000] [id=3046]
  0x00007f42a4059000 ConcurrentGCThread "G1 Conc#0" [stack: 0x00007f42a83fe000,0x00007f42a84fe000] [id=3047]
  0x00007f4284001000 ConcurrentGCThread "G1 Conc#1" [stack: 0x00007f4280200000,0x00007f4280300000] [id=3212]
  0x00007f4284002800 ConcurrentGCThread "G1 Conc#2" [stack: 0x00007f42800fe000,0x00007f42801fe000] [id=3213]
  0x00007f42a40c3000 ConcurrentGCThread "G1 Refine#0" [stack: 0x00007f42839fb000,0x00007f4283afb000] [id=3048]
  0x00007f42a40c4800 ConcurrentGCThread "G1 Young RemSet Sampling" [stack: 0x00007f42838f9000,0x00007f42839f9000] [id=3049]

Threads with active compile tasks:
C2 CompilerThread0   2504 2853       4       sun.nio.cs.UTF_8$Decoder::decodeArrayLoop (691 bytes)
C2 CompilerThread1   2504 2666       4       org.languagetool.rules.patterns.StringMatcher$RegexpParser::atom (327 bytes)
C2 CompilerThread2   2504 2608       4       org.languagetool.rules.patterns.PatternRuleHandler::createRules (648 bytes)
C2 CompilerThread6   2504 2851 %     4       java.util.regex.Pattern$BnM::match @ 20 (161 bytes)
C2 CompilerThread7   2504 2809       4       java.lang.String::replace (149 bytes)

VM state:not at safepoint (normal execution)

VM Mutex/Monitor currently owned by a thread: None

Heap address: 0x00000000e0000000, size: 512 MB, Compressed Oops mode: 32-bit
Narrow klass base: 0x0000000000000000, Narrow klass shift: 3
Compressed class space size: 1073741824 Address: 0x0000000100000000

Heap:
 garbage-first heap   total 95232K, used 41065K [0x00000000e0000000, 0x0000000100000000)
  region size 1024K, 4 young (4096K), 1 survivors (1024K)
 Metaspace       used 21317K, capacity 21673K, committed 21888K, reserved 1069056K
  class space    used 2164K, capacity 2319K, committed 2432K, reserved 1048576K
Heap Regions: E=young(eden), S=young(survivor), O=old, HS=humongous(starts), HC=humongous(continues), CS=collection set, F=free, A=archive, TAMS=top-at-mark-start (previous, next)
|   0|0x00000000e0000000, 0x00000000e0100000, 0x00000000e0100000|100%| O|  |TAMS 0x00000000e0100000, 0x00000000e0000000| Untracked 
|   1|0x00000000e0100000, 0x00000000e0200000, 0x00000000e0200000|100%| O|  |TAMS 0x00000000e0200000, 0x00000000e0100000| Untracked 
|   2|0x00000000e0200000, 0x00000000e0300000, 0x00000000e0300000|100%| O|  |TAMS 0x00000000e0300000, 0x00000000e0200000| Untracked 
|   3|0x00000000e0300000, 0x00000000e0400000, 0x00000000e0400000|100%| O|  |TAMS 0x00000000e0400000, 0x00000000e0300000| Untracked 
|   4|0x00000000e0400000, 0x00000000e0500000, 0x00000000e0500000|100%| O|  |TAMS 0x00000000e0500000, 0x00000000e0400000| Untracked 
|   5|0x00000000e0500000, 0x00000000e0600000, 0x00000000e0600000|100%| O|  |TAMS 0x00000000e0600000, 0x00000000e0500000| Untracked 
|   6|0x00000000e0600000, 0x00000000e0700000, 0x00000000e0700000|100%| O|  |TAMS 0x00000000e0700000, 0x00000000e0600000| Untracked 
|   7|0x00000000e0700000, 0x00000000e0800000, 0x00000000e0800000|100%| O|  |TAMS 0x00000000e0800000, 0x00000000e0700000| Untracked 
|   8|0x00000000e0800000, 0x00000000e0900000, 0x00000000e0900000|100%| O|  |TAMS 0x00000000e0900000, 0x00000000e0800000| Untracked 
|   9|0x00000000e0900000, 0x00000000e0a00000, 0x00000000e0a00000|100%| O|  |TAMS 0x00000000e0a00000, 0x00000000e0900000| Untracked 
|  10|0x00000000e0a00000, 0x00000000e0b00000, 0x00000000e0b00000|100%| O|  |TAMS 0x00000000e0b00000, 0x00000000e0a00000| Untracked 
|  11|0x00000000e0b00000, 0x00000000e0c00000, 0x00000000e0c00000|100%| O|  |TAMS 0x00000000e0c00000, 0x00000000e0b00000| Untracked 
|  12|0x00000000e0c00000, 0x00000000e0d00000, 0x00000000e0d00000|100%| O|  |TAMS 0x00000000e0d00000, 0x00000000e0c00000| Untracked 
|  13|0x00000000e0d00000, 0x00000000e0e00000, 0x00000000e0e00000|100%| O|  |TAMS 0x00000000e0e00000, 0x00000000e0d00000| Untracked 
|  14|0x00000000e0e00000, 0x00000000e0f00000, 0x00000000e0f00000|100%| O|  |TAMS 0x00000000e0f00000, 0x00000000e0e00000| Untracked 
|  15|0x00000000e0f00000, 0x00000000e1000000, 0x00000000e1000000|100%| O|  |TAMS 0x00000000e1000000, 0x00000000e0f00000| Untracked 
|  16|0x00000000e1000000, 0x00000000e1100000, 0x00000000e1100000|100%| O|  |TAMS 0x00000000e1100000, 0x00000000e1000000| Untracked 
|  17|0x00000000e1100000, 0x00000000e1200000, 0x00000000e1200000|100%| O|  |TAMS 0x00000000e1200000, 0x00000000e1100000| Untracked 
|  18|0x00000000e1200000, 0x00000000e1300000, 0x00000000e1300000|100%| O|  |TAMS 0x00000000e1300000, 0x00000000e1200000| Untracked 
|  19|0x00000000e1300000, 0x00000000e1400000, 0x00000000e1400000|100%| O|  |TAMS 0x00000000e1400000, 0x00000000e1300000| Untracked 
|  20|0x00000000e1400000, 0x00000000e1500000, 0x00000000e1500000|100%| O|  |TAMS 0x00000000e1500000, 0x00000000e1400000| Untracked 
|  21|0x00000000e1500000, 0x00000000e1600000, 0x00000000e1600000|100%| O|  |TAMS 0x00000000e1600000, 0x00000000e1500000| Untracked 
|  22|0x00000000e1600000, 0x00000000e1700000, 0x00000000e1700000|100%| O|  |TAMS 0x00000000e1700000, 0x00000000e1600000| Untracked 
|  23|0x00000000e1700000, 0x00000000e1800000, 0x00000000e1800000|100%|HS|  |TAMS 0x00000000e1800000, 0x00000000e1700000| Complete 
|  24|0x00000000e1800000, 0x00000000e1900000, 0x00000000e1900000|100%| O|  |TAMS 0x00000000e1900000, 0x00000000e1800000| Untracked 
|  25|0x00000000e1900000, 0x00000000e1a00000, 0x00000000e1a00000|100%| O|  |TAMS 0x00000000e1a00000, 0x00000000e1900000| Untracked 
|  26|0x00000000e1a00000, 0x00000000e1b00000, 0x00000000e1b00000|100%| O|  |TAMS 0x00000000e1b00000, 0x00000000e1a00000| Untracked 
|  27|0x00000000e1b00000, 0x00000000e1c00000, 0x00000000e1c00000|100%| O|  |TAMS 0x00000000e1c00000, 0x00000000e1b00000| Untracked 
|  28|0x00000000e1c00000, 0x00000000e1d00000, 0x00000000e1d00000|100%| O|  |TAMS 0x00000000e1d00000, 0x00000000e1c00000| Untracked 
|  29|0x00000000e1d00000, 0x00000000e1e00000, 0x00000000e1e00000|100%| O|  |TAMS 0x00000000e1e00000, 0x00000000e1d00000| Untracked 
|  30|0x00000000e1e00000, 0x00000000e1f00000, 0x00000000e1f00000|100%| O|  |TAMS 0x00000000e1f00000, 0x00000000e1e00000| Untracked 
|  31|0x00000000e1f00000, 0x00000000e2000000, 0x00000000e2000000|100%| O|  |TAMS 0x00000000e2000000, 0x00000000e1f00000| Untracked 
|  32|0x00000000e2000000, 0x00000000e2100000, 0x00000000e2100000|100%| O|  |TAMS 0x00000000e20e4e00, 0x00000000e2000000| Untracked 
|  33|0x00000000e2100000, 0x00000000e2200000, 0x00000000e2200000|100%| O|  |TAMS 0x00000000e2100000, 0x00000000e2100000| Untracked 
|  34|0x00000000e2200000, 0x00000000e2300000, 0x00000000e2300000|100%| O|  |TAMS 0x00000000e2200000, 0x00000000e2200000| Untracked 
|  35|0x00000000e2300000, 0x00000000e2400000, 0x00000000e2400000|100%| O|  |TAMS 0x00000000e2300000, 0x00000000e2300000| Untracked 
|  36|0x00000000e2400000, 0x00000000e2500000, 0x00000000e2500000|100%| O|  |TAMS 0x00000000e2400000, 0x00000000e2400000| Untracked 
|  37|0x00000000e2500000, 0x00000000e2600000, 0x00000000e2600000|100%| O|  |TAMS 0x00000000e2500000, 0x00000000e2500000| Untracked 
|  38|0x00000000e2600000, 0x00000000e26c4600, 0x00000000e2700000| 76%| O|  |TAMS 0x00000000e2600000, 0x00000000e2600000| Untracked 
|  39|0x00000000e2700000, 0x00000000e2700000, 0x00000000e2800000|  0%| F|  |TAMS 0x00000000e2700000, 0x00000000e2700000| Untracked 
|  40|0x00000000e2800000, 0x00000000e2800000, 0x00000000e2900000|  0%| F|  |TAMS 0x00000000e2800000, 0x00000000e2800000| Untracked 
|  41|0x00000000e2900000, 0x00000000e2900000, 0x00000000e2a00000|  0%| F|  |TAMS 0x00000000e2900000, 0x00000000e2900000| Untracked 
|  42|0x00000000e2a00000, 0x00000000e2a00000, 0x00000000e2b00000|  0%| F|  |TAMS 0x00000000e2a00000, 0x00000000e2a00000| Untracked 
|  43|0x00000000e2b00000, 0x00000000e2b00000, 0x00000000e2c00000|  0%| F|  |TAMS 0x00000000e2b00000, 0x00000000e2b00000| Untracked 
|  44|0x00000000e2c00000, 0x00000000e2c00000, 0x00000000e2d00000|  0%| F|  |TAMS 0x00000000e2c00000, 0x00000000e2c00000| Untracked 
|  45|0x00000000e2d00000, 0x00000000e2d00000, 0x00000000e2e00000|  0%| F|  |TAMS 0x00000000e2d00000, 0x00000000e2d00000| Untracked 
|  46|0x00000000e2e00000, 0x00000000e2e00000, 0x00000000e2f00000|  0%| F|  |TAMS 0x00000000e2e00000, 0x00000000e2e00000| Untracked 
|  47|0x00000000e2f00000, 0x00000000e2f00000, 0x00000000e3000000|  0%| F|  |TAMS 0x00000000e2f00000, 0x00000000e2f00000| Untracked 
|  48|0x00000000e3000000, 0x00000000e3000000, 0x00000000e3100000|  0%| F|  |TAMS 0x00000000e3000000, 0x00000000e3000000| Untracked 
|  49|0x00000000e3100000, 0x00000000e3100000, 0x00000000e3200000|  0%| F|  |TAMS 0x00000000e3100000, 0x00000000e3100000| Untracked 
|  50|0x00000000e3200000, 0x00000000e3200000, 0x00000000e3300000|  0%| F|  |TAMS 0x00000000e3200000, 0x00000000e3200000| Untracked 
|  51|0x00000000e3300000, 0x00000000e3300000, 0x00000000e3400000|  0%| F|  |TAMS 0x00000000e3300000, 0x00000000e3300000| Untracked 
|  52|0x00000000e3400000, 0x00000000e3400000, 0x00000000e3500000|  0%| F|  |TAMS 0x00000000e3400000, 0x00000000e3400000| Untracked 
|  53|0x00000000e3500000, 0x00000000e3500000, 0x00000000e3600000|  0%| F|  |TAMS 0x00000000e3500000, 0x00000000e3500000| Untracked 
|  54|0x00000000e3600000, 0x00000000e3600000, 0x00000000e3700000|  0%| F|  |TAMS 0x00000000e3600000, 0x00000000e3600000| Untracked 
|  55|0x00000000e3700000, 0x00000000e3700000, 0x00000000e3800000|  0%| F|  |TAMS 0x00000000e3700000, 0x00000000e3700000| Untracked 
|  56|0x00000000e3800000, 0x00000000e3800000, 0x00000000e3900000|  0%| F|  |TAMS 0x00000000e3800000, 0x00000000e3800000| Untracked 
|  57|0x00000000e3900000, 0x00000000e3900000, 0x00000000e3a00000|  0%| F|  |TAMS 0x00000000e3900000, 0x00000000e3900000| Untracked 
|  58|0x00000000e3a00000, 0x00000000e3a00000, 0x00000000e3b00000|  0%| F|  |TAMS 0x00000000e3a00000, 0x00000000e3a00000| Untracked 
|  59|0x00000000e3b00000, 0x00000000e3b00000, 0x00000000e3c00000|  0%| F|  |TAMS 0x00000000e3b00000, 0x00000000e3b00000| Untracked 
|  60|0x00000000e3c00000, 0x00000000e3c00000, 0x00000000e3d00000|  0%| F|  |TAMS 0x00000000e3c00000, 0x00000000e3c00000| Untracked 
|  61|0x00000000e3d00000, 0x00000000e3d00000, 0x00000000e3e00000|  0%| F|  |TAMS 0x00000000e3d00000, 0x00000000e3d00000| Untracked 
|  62|0x00000000e3e00000, 0x00000000e3e00000, 0x00000000e3f00000|  0%| F|  |TAMS 0x00000000e3e00000, 0x00000000e3e00000| Untracked 
|  63|0x00000000e3f00000, 0x00000000e3f00000, 0x00000000e4000000|  0%| F|  |TAMS 0x00000000e3f00000, 0x00000000e3f00000| Untracked 
|  64|0x00000000e4000000, 0x00000000e4000000, 0x00000000e4100000|  0%| F|  |TAMS 0x00000000e4000000, 0x00000000e4000000| Untracked 
|  65|0x00000000e4100000, 0x00000000e4100000, 0x00000000e4200000|  0%| F|  |TAMS 0x00000000e4100000, 0x00000000e4100000| Untracked 
|  66|0x00000000e4200000, 0x00000000e4200000, 0x00000000e4300000|  0%| F|  |TAMS 0x00000000e4200000, 0x00000000e4200000| Untracked 
|  67|0x00000000e4300000, 0x00000000e4300000, 0x00000000e4400000|  0%| F|  |TAMS 0x00000000e4300000, 0x00000000e4300000| Untracked 
|  68|0x00000000e4400000, 0x00000000e4400000, 0x00000000e4500000|  0%| F|  |TAMS 0x00000000e4400000, 0x00000000e4400000| Untracked 
|  69|0x00000000e4500000, 0x00000000e4500000, 0x00000000e4600000|  0%| F|  |TAMS 0x00000000e4500000, 0x00000000e4500000| Untracked 
|  70|0x00000000e4600000, 0x00000000e4600000, 0x00000000e4700000|  0%| F|  |TAMS 0x00000000e4600000, 0x00000000e4600000| Untracked 
|  71|0x00000000e4700000, 0x00000000e4700000, 0x00000000e4800000|  0%| F|  |TAMS 0x00000000e4700000, 0x00000000e4700000| Untracked 
|  72|0x00000000e4800000, 0x00000000e4800000, 0x00000000e4900000|  0%| F|  |TAMS 0x00000000e4800000, 0x00000000e4800000| Untracked 
|  73|0x00000000e4900000, 0x00000000e4900000, 0x00000000e4a00000|  0%| F|  |TAMS 0x00000000e4900000, 0x00000000e4900000| Untracked 
|  74|0x00000000e4a00000, 0x00000000e4a00000, 0x00000000e4b00000|  0%| F|  |TAMS 0x00000000e4a00000, 0x00000000e4a00000| Untracked 
|  75|0x00000000e4b00000, 0x00000000e4b00000, 0x00000000e4c00000|  0%| F|  |TAMS 0x00000000e4b00000, 0x00000000e4b00000| Untracked 
|  76|0x00000000e4c00000, 0x00000000e4c00000, 0x00000000e4d00000|  0%| F|  |TAMS 0x00000000e4c00000, 0x00000000e4c00000| Untracked 
|  77|0x00000000e4d00000, 0x00000000e4d00000, 0x00000000e4e00000|  0%| F|  |TAMS 0x00000000e4d00000, 0x00000000e4d00000| Untracked 
|  78|0x00000000e4e00000, 0x00000000e4e00000, 0x00000000e4f00000|  0%| F|  |TAMS 0x00000000e4e00000, 0x00000000e4e00000| Untracked 
|  79|0x00000000e4f00000, 0x00000000e4f00000, 0x00000000e5000000|  0%| F|  |TAMS 0x00000000e4f00000, 0x00000000e4f00000| Untracked 
|  80|0x00000000e5000000, 0x00000000e5000000, 0x00000000e5100000|  0%| F|  |TAMS 0x00000000e5000000, 0x00000000e5000000| Untracked 
|  81|0x00000000e5100000, 0x00000000e5100000, 0x00000000e5200000|  0%| F|  |TAMS 0x00000000e5100000, 0x00000000e5100000| Untracked 
|  82|0x00000000e5200000, 0x00000000e5200000, 0x00000000e5300000|  0%| F|  |TAMS 0x00000000e5200000, 0x00000000e5200000| Untracked 
|  83|0x00000000e5300000, 0x00000000e5300000, 0x00000000e5400000|  0%| F|  |TAMS 0x00000000e5300000, 0x00000000e5300000| Untracked 
|  84|0x00000000e5400000, 0x00000000e5400000, 0x00000000e5500000|  0%| F|  |TAMS 0x00000000e5400000, 0x00000000e5400000| Untracked 
|  85|0x00000000e5500000, 0x00000000e5500000, 0x00000000e5600000|  0%| F|  |TAMS 0x00000000e5500000, 0x00000000e5500000| Untracked 
|  86|0x00000000e5600000, 0x00000000e5600000, 0x00000000e5700000|  0%| F|  |TAMS 0x00000000e5600000, 0x00000000e5600000| Untracked 
|  87|0x00000000e5700000, 0x00000000e5700000, 0x00000000e5800000|  0%| F|  |TAMS 0x00000000e5700000, 0x00000000e5700000| Untracked 
|  88|0x00000000e5800000, 0x00000000e5800000, 0x00000000e5900000|  0%| F|  |TAMS 0x00000000e5800000, 0x00000000e5800000| Untracked 
|  89|0x00000000e5900000, 0x00000000e597fc68, 0x00000000e5a00000| 49%| E|  |TAMS 0x00000000e5900000, 0x00000000e5900000| Complete 
|  90|0x00000000e5a00000, 0x00000000e5b00000, 0x00000000e5b00000|100%| E|CS|TAMS 0x00000000e5a00000, 0x00000000e5a00000| Complete 
|  91|0x00000000e5b00000, 0x00000000e5b56170, 0x00000000e5c00000| 33%| S|CS|TAMS 0x00000000e5b00000, 0x00000000e5b00000| Complete 
|  92|0x00000000e5c00000, 0x00000000e5d00000, 0x00000000e5d00000|100%| E|  |TAMS 0x00000000e5c00000, 0x00000000e5c00000| Complete 

Card table byte_map: [0x00007f42a97f6000,0x00007f42a98f6000] _byte_map_base: 0x00007f42a90f6000

Marking Bits (Prev, Next): (CMBitMap*) 0x00007f42a4054490, (CMBitMap*) 0x00007f42a4054458
 Prev Bits: [0x00007f42a8600000, 0x00007f42a8e00000)
 Next Bits: [0x00007f42a8e00000, 0x00007f42a9600000)

Polling page: 0x00007f42ad1eb000

Metaspace:

Usage:
  Non-class:     18.90 MB capacity,    18.70 MB ( 99%) used,   163.83 KB ( <1%) free+waste,    37.75 KB ( <1%) overhead. 
      Class:      2.26 MB capacity,     2.11 MB ( 93%) used,   138.43 KB (  6%) free+waste,    15.62 KB ( <1%) overhead. 
       Both:     21.17 MB capacity,    20.82 MB ( 98%) used,   302.26 KB (  1%) free+waste,    53.38 KB ( <1%) overhead. 

Virtual space:
  Non-class space:       20.00 MB reserved,      19.00 MB ( 95%) committed 
      Class space:        1.00 GB reserved,       2.38 MB ( <1%) committed 
             Both:        1.02 GB reserved,      21.38 MB (  2%) committed 

Chunk freelists:
   Non-Class:  38.00 KB
       Class:  17.00 KB
        Both:  55.00 KB

MaxMetaspaceSize: unlimited
CompressedClassSpaceSize: 1.00 GB
Initial GC threshold: 20.80 MB
Current GC threshold: 35.00 MB
CDS: off

CodeHeap 'non-profiled nmethods': size=119172Kb used=2292Kb max_used=2292Kb free=116879Kb
 bounds [0x00007f429a19f000, 0x00007f429a40f000, 0x00007f42a1600000]
CodeHeap 'profiled nmethods': size=119168Kb used=6211Kb max_used=6211Kb free=112956Kb
 bounds [0x00007f4292d3f000, 0x00007f429335f000, 0x00007f429a19f000]
CodeHeap 'non-nmethods': size=7420Kb used=2899Kb max_used=3001Kb free=4520Kb
 bounds [0x00007f4292600000, 0x00007f4292900000, 0x00007f4292d3f000]
 total_blobs=3314 nmethods=2835 adapters=389
 compilation: enabled
              stopped_count=0, restarted_count=0
 full_count=0

Compilation events (20 events):
Event: 2.470 Thread 0x00007f4258161800 nmethod 2841 0x00007f429334b710 code [0x00007f429334b8c0, 0x00007f429334b9d0]
Event: 2.471 Thread 0x00007f4258212800 nmethod 2664 0x00007f429a3b5490 code [0x00007f429a3b5940, 0x00007f429a3b9800]
Event: 2.471 Thread 0x00007f4258212800 2842 %     4       sun.nio.cs.UTF_8$Decoder::decodeArrayLoop @ 106 (691 bytes)
Event: 2.474 Thread 0x00007f4258161800 2844       3       java.nio.ByteBuffer::flip (7 bytes)
Event: 2.474 Thread 0x00007f4258161800 nmethod 2844 0x00007f429334ba90 code [0x00007f429334bc40, 0x00007f429334bdb0]
Event: 2.475 Thread 0x00007f424812a000 2845       3       sun.nio.cs.StreamDecoder::ensureOpen (18 bytes)
Event: 2.475 Thread 0x00007f426003c000 2848       3       sun.nio.cs.StreamDecoder::implRead (243 bytes)
Event: 2.475 Thread 0x00007f4258161800 2846       3       java.io.InputStreamReader::read (11 bytes)
Event: 2.475 Thread 0x00007f42a4149000 2847   !   3       sun.nio.cs.StreamDecoder::read (196 bytes)
Event: 2.475 Thread 0x00007f4258161800 nmethod 2846 0x00007f429334be90 code [0x00007f429334c040, 0x00007f429334c180]
Event: 2.475 Thread 0x00007f424812a000 nmethod 2845 0x00007f429334c290 code [0x00007f429334c460, 0x00007f429334c660]
Event: 2.475 Thread 0x00007f42a4144800 nmethod 2840 0x00007f429a3bc990 code [0x00007f429a3bcb40, 0x00007f429a3bcec8]
Event: 2.475 Thread 0x00007f42a4144800 2843       4       java.nio.Buffer::limit (65 bytes)
Event: 2.476 Thread 0x00007f42a4144800 nmethod 2843 0x00007f429a3bd090 code [0x00007f429a3bd220, 0x00007f429a3bd2f8]
Event: 2.476 Thread 0x00007f426003c000 nmethod 2848 0x00007f429334c710 code [0x00007f429334ca00, 0x00007f429334db80]
Event: 2.476 Thread 0x00007f42a4149000 nmethod 2847 0x00007f429334e190 code [0x00007f429334e400, 0x00007f429334f080]
Event: 2.477 Thread 0x00007f4258161800 2849       3       java.util.regex.Matcher::matches (10 bytes)
Event: 2.478 Thread 0x00007f4258161800 nmethod 2849 0x00007f429334f590 code [0x00007f429334f740, 0x00007f429334f880]
Event: 2.490 Thread 0x00007f42a4144800 2850       4       sun.nio.cs.UTF_8$Decoder::isMalformed3 (45 bytes)
Event: 2.490 Thread 0x00007f4234168000 nmethod 2796 0x00007f429a3bd410 code [0x00007f429a3bd6a0, 0x00007f429a3c0058]

GC Heap History (20 events):
Event: 0.600 GC heap before
{Heap before GC invocations=0 (full 0):
 garbage-first heap   total 65536K, used 24576K [0x00000000e0000000, 0x0000000100000000)
  region size 1024K, 24 young (24576K), 0 survivors (0K)
 Metaspace       used 13078K, capacity 13282K, committed 13440K, reserved 1060864K
  class space    used 1263K, capacity 1317K, committed 1408K, reserved 1048576K
}
Event: 0.606 GC heap after
{Heap after GC invocations=1 (full 0):
 garbage-first heap   total 65536K, used 6680K [0x00000000e0000000, 0x0000000100000000)
  region size 1024K, 3 young (3072K), 3 survivors (3072K)
 Metaspace       used 13078K, capacity 13282K, committed 13440K, reserved 1060864K
  class space    used 1263K, capacity 1317K, committed 1408K, reserved 1048576K
}
Event: 1.065 GC heap before
{Heap before GC invocations=1 (full 0):
 garbage-first heap   total 65536K, used 33304K [0x00000000e0000000, 0x0000000100000000)
  region size 1024K, 29 young (29696K), 3 survivors (3072K)
 Metaspace       used 19102K, capacity 19442K, committed 19584K, reserved 1067008K
  class space    used 1938K, capacity 2075K, committed 2176K, reserved 1048576K
}
Event: 1.078 GC heap after
{Heap after GC invocations=2 (full 0):
 garbage-first heap   total 65536K, used 13879K [0x00000000e0000000, 0x0000000100000000)
  region size 1024K, 4 young (4096K), 4 survivors (4096K)
 Metaspace       used 19102K, capacity 19442K, committed 19584K, reserved 1067008K
  class space    used 1938K, capacity 2075K, committed 2176K, reserved 1048576K
}
Event: 1.408 GC heap before
{Heap before GC invocations=2 (full 0):
 garbage-first heap   total 65536K, used 35383K [0x00000000e0000000, 0x0000000100000000)
  region size 1024K, 25 young (25600K), 4 survivors (4096K)
 Metaspace       used 20352K, capacity 20713K, committed 20992K, reserved 1069056K
  class space    used 2041K, capacity 2215K, committed 2304K, reserved 1048576K
}
Event: 1.420 GC heap after
{Heap after GC invocations=3 (full 0):
 garbage-first heap   total 65536K, used 16808K [0x00000000e0000000, 0x0000000100000000)
  region size 1024K, 3 young (3072K), 3 survivors (3072K)
 Metaspace       used 20352K, capacity 20713K, committed 20992K, reserved 1069056K
  class space    used 2041K, capacity 2215K, committed 2304K, reserved 1048576K
}
Event: 1.618 GC heap before
{Heap before GC invocations=3 (full 0):
 garbage-first heap   total 65536K, used 38312K [0x00000000e0000000, 0x0000000100000000)
  region size 1024K, 24 young (24576K), 3 survivors (3072K)
 Metaspace       used 20469K, capacity 20786K, committed 20992K, reserved 1069056K
  class space    used 2046K, capacity 2217K, committed 2304K, reserved 1048576K
}
Event: 1.627 GC heap after
{Heap after GC invocations=4 (full 0):
 garbage-first heap   total 65536K, used 19948K [0x00000000e0000000, 0x0000000100000000)
  region size 1024K, 3 young (3072K), 3 survivors (3072K)
 Metaspace       used 20469K, capacity 20786K, committed 20992K, reserved 1069056K
  class space    used 2046K, capacity 2217K, committed 2304K, reserved 1048576K
}
Event: 1.760 GC heap before
{Heap before GC invocations=4 (full 0):
 garbage-first heap   total 65536K, used 41452K [0x00000000e0000000, 0x0000000100000000)
  region size 1024K, 24 young (24576K), 3 survivors (3072K)
 Metaspace       used 20524K, capacity 20915K, committed 21248K, reserved 1069056K
  class space    used 2051K, capacity 2217K, committed 2304K, reserved 1048576K
}
Event: 1.767 GC heap after
{Heap after GC invocations=5 (full 0):
 garbage-first heap   total 65536K, used 22863K [0x00000000e0000000, 0x0000000100000000)
  region size 1024K, 3 young (3072K), 3 survivors (3072K)
 Metaspace       used 20524K, capacity 20915K, committed 21248K, reserved 1069056K
  class space    used 2051K, capacity 2217K, committed 2304K, reserved 1048576K
}
Event: 1.894 GC heap before
{Heap before GC invocations=5 (full 0):
 garbage-first heap   total 65536K, used 47439K [0x00000000e0000000, 0x0000000100000000)
  region size 1024K, 24 young (24576K), 3 survivors (3072K)
 Metaspace       used 20770K, capacity 21139K, committed 21248K, reserved 1069056K
  class space    used 2082K, capacity 2249K, committed 2304K, reserved 1048576K
}
Event: 1.901 GC heap after
{Heap after GC invocations=6 (full 0):
 garbage-first heap   total 78848K, used 26890K [0x00000000e0000000, 0x0000000100000000)
  region size 1024K, 3 young (3072K), 3 survivors (3072K)
 Metaspace       used 20770K, capacity 21139K, committed 21248K, reserved 1069056K
  class space    used 2082K, capacity 2249K, committed 2304K, reserved 1048576K
}
Event: 2.044 GC heap before
{Heap before GC invocations=6 (full 0):
 garbage-first heap   total 78848K, used 52490K [0x00000000e0000000, 0x0000000100000000)
  region size 1024K, 28 young (28672K), 3 survivors (3072K)
 Metaspace       used 20774K, capacity 21142K, committed 21248K, reserved 1069056K
  class space    used 2083K, capacity 2250K, committed 2304K, reserved 1048576K
}
Event: 2.053 GC heap after
{Heap after GC invocations=7 (full 0):
 garbage-first heap   total 78848K, used 30446K [0x00000000e0000000, 0x0000000100000000)
  region size 1024K, 4 young (4096K), 4 survivors (4096K)
 Metaspace       used 20774K, capacity 21142K, committed 21248K, reserved 1069056K
  class space    used 2083K, capacity 2250K, committed 2304K, reserved 1048576K
}
Event: 2.168 GC heap before
{Heap before GC invocations=7 (full 0):
 garbage-first heap   total 78848K, used 55022K [0x00000000e0000000, 0x0000000100000000)
  region size 1024K, 28 young (28672K), 4 survivors (4096K)
 Metaspace       used 20777K, capacity 21142K, committed 21248K, reserved 1069056K
  class space    used 2083K, capacity 2250K, committed 2304K, reserved 1048576K
}
Event: 2.178 GC heap after
{Heap after GC invocations=8 (full 0):
 garbage-first heap   total 78848K, used 33510K [0x00000000e0000000, 0x0000000100000000)
  region size 1024K, 3 young (3072K), 3 survivors (3072K)
 Metaspace       used 20777K, capacity 21142K, committed 21248K, reserved 1069056K
  class space    used 2083K, capacity 2250K, committed 2304K, reserved 1048576K
}
Event: 2.285 GC heap before
{Heap before GC invocations=8 (full 0):
 garbage-first heap   total 78848K, used 51942K [0x00000000e0000000, 0x0000000100000000)
  region size 1024K, 22 young (22528K), 3 survivors (3072K)
 Metaspace       used 20840K, capacity 21148K, committed 21248K, reserved 1069056K
  class space    used 2093K, capacity 2251K, committed 2304K, reserved 1048576K
}
Event: 2.292 GC heap after
{Heap after GC invocations=9 (full 0):
 garbage-first heap   total 78848K, used 36627K [0x00000000e0000000, 0x0000000100000000)
  region size 1024K, 3 young (3072K), 3 survivors (3072K)
 Metaspace       used 20840K, capacity 21148K, committed 21248K, reserved 1069056K
  class space    used 2093K, capacity 2251K, committed 2304K, reserved 1048576K
}
Event: 2.479 GC heap before
{Heap before GC invocations=10 (full 0):
 garbage-first heap   total 78848K, used 57107K [0x00000000e0000000, 0x0000000100000000)
  region size 1024K, 24 young (24576K), 3 survivors (3072K)
 Metaspace       used 21316K, capacity 21673K, committed 21888K, reserved 1069056K
  class space    used 2164K, capacity 2319K, committed 2432K, reserved 1048576K
}
Event: 2.487 GC heap after
{Heap after GC invocations=11 (full 0):
 garbage-first heap   total 95232K, used 39470K [0x00000000e0000000, 0x0000000100000000)
  region size 1024K, 3 young (3072K), 3 survivors (3072K)
 Metaspace       used 21316K, capacity 21673K, committed 21888K, reserved 1069056K
  class space    used 2164K, capacity 2319K, committed 2432K, reserved 1048576K
}

Deoptimization events (20 events):
Event: 2.458 Thread 0x00007f42a402c000 Uncommon trap: trap_request=0xffffff4d fr.pc=0x00007f429a231d50 relative=0x0000000000000a90
Event: 2.458 Thread 0x00007f42a402c000 Uncommon trap: reason=unstable_if action=reinterpret pc=0x00007f429a231d50 method=sun.nio.cs.UTF_8$Decoder.decodeArrayLoop(Ljava/nio/ByteBuffer;Ljava/nio/CharBuffer;)Ljava/nio/charset/CoderResult; @ 280 c2
Event: 2.458 Thread 0x00007f42a402c000 DEOPT PACKING pc=0x00007f429a231d50 sp=0x00007f42acdfd930
Event: 2.458 Thread 0x00007f42a402c000 DEOPT UNPACKING pc=0x00007f4292649ea5 sp=0x00007f42acdfd8b8 mode 2
Event: 2.458 Thread 0x00007f42a402c000 DEOPT PACKING pc=0x00007f429333c065 sp=0x00007f42acdfd930
Event: 2.458 Thread 0x00007f42a402c000 DEOPT UNPACKING pc=0x00007f429264a64a sp=0x00007f42acdfce18 mode 0
Event: 2.464 Thread 0x00007f42a402c000 DEOPT PACKING pc=0x00007f429333c065 sp=0x00007f42acdfd930
Event: 2.464 Thread 0x00007f42a402c000 DEOPT UNPACKING pc=0x00007f429264a64a sp=0x00007f42acdfce18 mode 0
Event: 2.469 Thread 0x00007f42a402c000 DEOPT PACKING pc=0x00007f429333b48c sp=0x00007f42acdfdc60
Event: 2.469 Thread 0x00007f42a402c000 DEOPT UNPACKING pc=0x00007f429264a64a sp=0x00007f42acdfd190 mode 0
Event: 2.470 Thread 0x00007f42a402c000 DEOPT PACKING pc=0x00007f429333c065 sp=0x00007f42acdfd940
Event: 2.470 Thread 0x00007f42a402c000 DEOPT UNPACKING pc=0x00007f429264a64a sp=0x00007f42acdfce28 mode 0
Event: 2.474 Thread 0x00007f42a402c000 DEOPT PACKING pc=0x00007f429333b48c sp=0x00007f42acdfdc60
Event: 2.474 Thread 0x00007f42a402c000 DEOPT UNPACKING pc=0x00007f429264a64a sp=0x00007f42acdfd190 mode 0
Event: 2.475 Thread 0x00007f42a402c000 DEOPT PACKING pc=0x00007f429333b48c sp=0x00007f42acdfdc60
Event: 2.475 Thread 0x00007f42a402c000 DEOPT UNPACKING pc=0x00007f429264a64a sp=0x00007f42acdfd190 mode 0
Event: 2.475 Thread 0x00007f42a402c000 DEOPT PACKING pc=0x00007f429333c065 sp=0x00007f42acdfd940
Event: 2.475 Thread 0x00007f42a402c000 DEOPT UNPACKING pc=0x00007f429264a64a sp=0x00007f42acdfce28 mode 0
Event: 2.490 Thread 0x00007f42a402c000 DEOPT PACKING pc=0x00007f429333c065 sp=0x00007f42acdfd940
Event: 2.490 Thread 0x00007f42a402c000 DEOPT UNPACKING pc=0x00007f429264a64a sp=0x00007f42acdfce28 mode 0

Classes redefined (0 events):
No events

Internal exceptions (20 events):
Event: 0.182 Thread 0x00007f42a402c000 Exception <a 'java/lang/NoSuchMethodError'{0x00000000e3ac9198}: 'int java.lang.invoke.DirectMethodHandle$Holder.invokeSpecialIFC(java.lang.Object, java.lang.Object, int)'> (0x00000000e3ac9198) thrown at [./src/hotspot/share/interpreter/linkResolver.cpp, line 773]
Event: 0.204 Thread 0x00007f42a402c000 Exception <a 'java/lang/NullPointerException'{0x00000000e393ae38}> (0x00000000e393ae38) thrown at [./src/hotspot/share/interpreter/linkResolver.cpp, line 1358]
Event: 0.204 Thread 0x00007f42a402c000 Exception <a 'java/lang/NullPointerException'{0x00000000e393b108}> (0x00000000e393b108) thrown at [./src/hotspot/share/interpreter/linkResolver.cpp, line 1358]
Event: 0.204 Thread 0x00007f42a402c000 Exception <a 'java/lang/NullPointerException'{0x00000000e393b3d8}> (0x00000000e393b3d8) thrown at [./src/hotspot/share/interpreter/linkResolver.cpp, line 1358]
Event: 0.205 Thread 0x00007f42a402c000 Exception <a 'java/lang/NullPointerException'{0x00000000e3947d60}> (0x00000000e3947d60) thrown at [./src/hotspot/share/interpreter/linkResolver.cpp, line 1358]
Event: 0.206 Thread 0x00007f42a402c000 Exception <a 'java/lang/NullPointerException'{0x00000000e39653c8}> (0x00000000e39653c8) thrown at [./src/hotspot/share/interpreter/linkResolver.cpp, line 1358]
Event: 0.206 Thread 0x00007f42a402c000 Exception <a 'java/lang/NullPointerException'{0x00000000e3965698}> (0x00000000e3965698) thrown at [./src/hotspot/share/interpreter/linkResolver.cpp, line 1358]
Event: 0.206 Thread 0x00007f42a402c000 Exception <a 'java/lang/NullPointerException'{0x00000000e3965968}> (0x00000000e3965968) thrown at [./src/hotspot/share/interpreter/linkResolver.cpp, line 1358]
Event: 0.206 Thread 0x00007f42a402c000 Exception <a 'java/lang/NullPointerException'{0x00000000e3965ca0}> (0x00000000e3965ca0) thrown at [./src/hotspot/share/interpreter/linkResolver.cpp, line 1358]
Event: 0.609 Thread 0x00007f42a402c000 Exception <a 'java/lang/NoClassDefFoundError'{0x00000000e3f17d88}: org/apache/log4j/Priority> (0x00000000e3f17d88) thrown at [./src/hotspot/share/classfile/systemDictionary.cpp, line 220]
Event: 0.630 Thread 0x00007f42a402c000 Exception <a 'java/lang/NoSuchMethodError'{0x00000000e3ff9dd0}: 'java.lang.Object java.lang.invoke.DirectMethodHandle$Holder.invokeStatic(java.lang.Object, java.lang.Object, java.lang.Object, java.lang.Object, java.lang.Object, java.lang.Object, java.lang.Object, java.lang.Object, java.lang.Object, java.lang.Object, java.lang.Object, java.lang.Object, java.lang.Object, java.lang.Object, java.lang.Object)'> (0x00000000e3ff9dd0) thrown at [./src/hotspot/share/interpreter/linkResolver.cpp, line 773]
Event: 0.632 Thread 0x00007f42a402c000 Exception <a 'java/lang/NoSuchMethodError'{0x00000000e3e08578}: 'java.lang.Object java.lang.invoke.DirectMethodHandle$Holder.invokeStatic(java.lang.Object, java.lang.Object, java.lang.Object, java.lang.Object, java.lang.Object, java.lang.Object, java.lang.Object, java.lang.Object, java.lang.Object, java.lang.Object, java.lang.Object, java.lang.Object, java.lang.Object, java.lang.Object, java.lang.Object, java.lang.Object)'> (0x00000000e3e08578) thrown at [./src/hotspot/share/interpreter/linkResolver.cpp, l
Event: 0.633 Thread 0x00007f42a402c000 Exception <a 'java/lang/NoSuchMethodError'{0x00000000e3e161e8}: 'java.lang.Object java.lang.invoke.DirectMethodHandle$Holder.invokeSpecial(java.lang.Object, java.lang.Object, int, int, java.lang.Object, java.lang.Object, java.lang.Object)'> (0x00000000e3e161e8) thrown at [./src/hotspot/share/interpreter/linkResolver.cpp, line 773]
Event: 0.633 Thread 0x00007f42a402c000 Exception <a 'java/lang/NoSuchMethodError'{0x00000000e3e19778}: 'java.lang.Object java.lang.invoke.DelegatingMethodHandle$Holder.reinvoke_L(java.lang.Object, int, int, java.lang.Object, java.lang.Object, java.lang.Object)'> (0x00000000e3e19778) thrown at [./src/hotspot/share/interpreter/linkResolver.cpp, line 773]
Event: 0.634 Thread 0x00007f42a402c000 Exception <a 'java/lang/NoSuchMethodError'{0x00000000e3e1db00}: 'java.lang.Object java.lang.invoke.DirectMethodHandle$Holder.invokeStatic(java.lang.Object, java.lang.Object, java.lang.Object, java.lang.Object, int)'> (0x00000000e3e1db00) thrown at [./src/hotspot/share/interpreter/linkResolver.cpp, line 773]
Event: 0.699 Thread 0x00007f42a402c000 Exception <a 'java/lang/ClassNotFoundException'{0x00000000e3d99c40}: com/sun/org/apache/xerces/internal/impl/xpath/regex/spi/messageProvider> (0x00000000e3d99c40) thrown at [./src/hotspot/share/classfile/systemDictionary.cpp, line 231]
Event: 0.926 Thread 0x00007f42a402c000 Exception <a 'java/lang/NoSuchMethodError'{0x00000000e3049078}: 'java.lang.Object java.lang.invoke.DirectMethodHandle$Holder.invokeVirtual(java.lang.Object, java.lang.Object, java.lang.Object, java.lang.Object)'> (0x00000000e3049078) thrown at [./src/hotspot/share/interpreter/linkResolver.cpp, line 773]
Event: 1.099 Thread 0x00007f42a402c000 Exception <a 'java/lang/NoSuchMethodError'{0x00000000e3e90e40}: 'int java.lang.invoke.DirectMethodHandle$Holder.invokeVirtual(java.lang.Object, java.lang.Object, java.lang.Object)'> (0x00000000e3e90e40) thrown at [./src/hotspot/share/interpreter/linkResolver.cpp, line 773]
Event: 1.100 Thread 0x00007f42a402c000 Exception <a 'java/lang/NoSuchMethodError'{0x00000000e3e96da8}: 'java.lang.Object java.lang.invoke.DirectMethodHandle$Holder.invokeVirtual(java.lang.Object, java.lang.Object, java.lang.Object)'> (0x00000000e3e96da8) thrown at [./src/hotspot/share/interpreter/linkResolver.cpp, line 773]
Event: 2.087 Thread 0x00007f42a402c000 Implicit null exception at 0x00007f429a33fa44 to 0x00007f429a340a30

Events (20 events):
Event: 2.423 loading class com/google/common/collect/ImmutableList
Event: 2.423 loading class com/google/common/collect/ImmutableList done
Event: 2.424 loading class com/google/common/collect/ImmutableMapEntry
Event: 2.424 loading class com/google/common/collect/ImmutableMapEntry done
Event: 2.424 loading class com/google/common/collect/ImmutableEntry
Event: 2.424 loading class com/google/common/collect/ImmutableEntry done
Event: 2.424 loading class com/google/common/collect/AbstractMapEntry
Event: 2.424 loading class com/google/common/collect/AbstractMapEntry done
Event: 2.425 loading class com/google/common/collect/ImmutableMapEntry$NonTerminalImmutableMapEntry
Event: 2.425 loading class com/google/common/collect/ImmutableMapEntry$NonTerminalImmutableMapEntry done
Event: 2.425 loading class com/google/common/collect/Hashing
Event: 2.425 loading class com/google/common/collect/Hashing done
Event: 2.428 loading class com/optimaize/langdetect/profiles/LanguageProfileImpl$Stats
Event: 2.428 loading class com/optimaize/langdetect/profiles/LanguageProfileImpl$Stats done
Event: 2.479 Executing VM operation: G1CollectForAllocation
Event: 2.488 Executing VM operation: G1CollectForAllocation done
Event: 2.489 Executing VM operation: RevokeBias
Event: 2.490 Executing VM operation: RevokeBias done
Event: 2.490 Executing VM operation: RevokeBias
Event: 2.490 Executing VM operation: RevokeBias done


Dynamic libraries:
e0000000-e5d00000 rw-p 00000000 00:00 0 
e5d00000-100000000 ---p 00000000 00:00 0 
100000000-100260000 rw-p 00000000 00:00 0 
100260000-140000000 ---p 00000000 00:00 0 
559df6400000-559df6401000 r-xp 00000000 103:02 10495379                  /home/louis/.vscode/extensions/valentjn.vscode-ltex-13.1.0/lib/ltex-ls-15.2.0/jdk-11.0.12+7/bin/java
559df6601000-559df6602000 r--p 00001000 103:02 10495379                  /home/louis/.vscode/extensions/valentjn.vscode-ltex-13.1.0/lib/ltex-ls-15.2.0/jdk-11.0.12+7/bin/java
559df6602000-559df6603000 rw-p 00002000 103:02 10495379                  /home/louis/.vscode/extensions/valentjn.vscode-ltex-13.1.0/lib/ltex-ls-15.2.0/jdk-11.0.12+7/bin/java
559e02a5b000-559e02a9d000 rw-p 00000000 00:00 0                          [heap]
7f421bd92000-7f421c021000 rw-p 00000000 00:00 0 
7f421c021000-7f4220000000 ---p 00000000 00:00 0 
7f4220000000-7f4220021000 rw-p 00000000 00:00 0 
7f4220021000-7f4224000000 ---p 00000000 00:00 0 
7f4224000000-7f4224edf000 rw-p 00000000 00:00 0 
7f4224edf000-7f4228000000 ---p 00000000 00:00 0 
7f4228000000-7f42290a1000 rw-p 00000000 00:00 0 
7f42290a1000-7f422c000000 ---p 00000000 00:00 0 
7f422c000000-7f422cfc2000 rw-p 00000000 00:00 0 
7f422cfc2000-7f4230000000 ---p 00000000 00:00 0 
7f4230000000-7f4230f3f000 rw-p 00000000 00:00 0 
7f4230f3f000-7f4234000000 ---p 00000000 00:00 0 
7f4234000000-7f42341db000 rw-p 00000000 00:00 0 
7f42341db000-7f4238000000 ---p 00000000 00:00 0 
7f4238000000-7f4238eec000 rw-p 00000000 00:00 0 
7f4238eec000-7f423c000000 ---p 00000000 00:00 0 
7f423c000000-7f423c021000 rw-p 00000000 00:00 0 
7f423c021000-7f4240000000 ---p 00000000 00:00 0 
7f4240000000-7f4240f64000 rw-p 00000000 00:00 0 
7f4240f64000-7f4244000000 ---p 00000000 00:00 0 
7f4244000000-7f4245546000 rw-p 00000000 00:00 0 
7f4245546000-7f4248000000 ---p 00000000 00:00 0 
7f4248000000-7f4248411000 rw-p 00000000 00:00 0 
7f4248411000-7f424c000000 ---p 00000000 00:00 0 
7f424c000000-7f424c021000 rw-p 00000000 00:00 0 
7f424c021000-7f4250000000 ---p 00000000 00:00 0 
7f4250000000-7f4250021000 rw-p 00000000 00:00 0 
7f4250021000-7f4254000000 ---p 00000000 00:00 0 
7f4254000000-7f4254021000 rw-p 00000000 00:00 0 
7f4254021000-7f4258000000 ---p 00000000 00:00 0 
7f4258000000-7f42584ac000 rw-p 00000000 00:00 0 
7f42584ac000-7f425c000000 ---p 00000000 00:00 0 
7f425c000000-7f425d588000 rw-p 00000000 00:00 0 
7f425d588000-7f4260000000 ---p 00000000 00:00 0 
7f4260000000-7f42606b4000 rw-p 00000000 00:00 0 
7f42606b4000-7f4264000000 ---p 00000000 00:00 0 
7f4264000000-7f4264021000 rw-p 00000000 00:00 0 
7f4264021000-7f4268000000 ---p 00000000 00:00 0 
7f4268000000-7f4268021000 rw-p 00000000 00:00 0 
7f4268021000-7f426c000000 ---p 00000000 00:00 0 
7f426c000000-7f426c021000 rw-p 00000000 00:00 0 
7f426c021000-7f4270000000 ---p 00000000 00:00 0 
7f4270000000-7f4270021000 rw-p 00000000 00:00 0 
7f4270021000-7f4274000000 ---p 00000000 00:00 0 
7f4274000000-7f4274021000 rw-p 00000000 00:00 0 
7f4274021000-7f4278000000 ---p 00000000 00:00 0 
7f4278000000-7f4278021000 rw-p 00000000 00:00 0 
7f4278021000-7f427c000000 ---p 00000000 00:00 0 
7f427c000000-7f427c021000 rw-p 00000000 00:00 0 
7f427c021000-7f4280000000 ---p 00000000 00:00 0 
7f42800fc000-7f4280300000 rw-p 00000000 00:00 0 
7f4280300000-7f4280304000 ---p 00000000 00:00 0 
7f4280304000-7f4280400000 rw-p 00000000 00:00 0 
7f4280400000-7f4280404000 ---p 00000000 00:00 0 
7f4280404000-7f4280500000 rw-p 00000000 00:00 0 
7f4280500000-7f4280504000 ---p 00000000 00:00 0 
7f4280504000-7f4280600000 rw-p 00000000 00:00 0 
7f4280600000-7f4280700000 rw-p 00000000 00:00 0 
7f4280700000-7f4280800000 ---p 00000000 00:00 0 
7f4280800000-7f4280804000 ---p 00000000 00:00 0 
7f4280804000-7f4280900000 rw-p 00000000 00:00 0 
7f4280900000-7f4280904000 ---p 00000000 00:00 0 
7f4280904000-7f4280a00000 rw-p 00000000 00:00 0 
7f4280a00000-7f4280a04000 ---p 00000000 00:00 0 
7f4280a04000-7f4280b00000 rw-p 00000000 00:00 0 
7f4280b00000-7f4280b04000 ---p 00000000 00:00 0 
7f4280b04000-7f4280c00000 rw-p 00000000 00:00 0 
7f4280c00000-7f4280e00000 rw-p 00000000 00:00 0 
7f4280e00000-7f4281000000 rw-p 00000000 00:00 0 
7f4281000000-7f4281200000 rw-p 00000000 00:00 0 
7f4281200000-7f4281400000 rw-p 00000000 00:00 0 
7f4281400000-7f4281600000 rw-p 00000000 00:00 0 
7f4281600000-7f4281603000 r-xp 00000000 00:26 477                        /tmp/jansi-2.4.0-79c1a7837af2252f-libjansi.so
7f4281603000-7f4281802000 ---p 00003000 00:26 477                        /tmp/jansi-2.4.0-79c1a7837af2252f-libjansi.so
7f4281802000-7f4281803000 rw-p 00002000 00:26 477                        /tmp/jansi-2.4.0-79c1a7837af2252f-libjansi.so
7f42818fe000-7f4281a00000 rw-p 00000000 00:00 0 
7f4281a00000-7f4281a16000 r-xp 00000000 103:02 10515747                  /home/louis/.vscode/extensions/valentjn.vscode-ltex-13.1.0/lib/ltex-ls-15.2.0/jdk-11.0.12+7/lib/libnet.so
7f4281a16000-7f4281c15000 ---p 00016000 103:02 10515747                  /home/louis/.vscode/extensions/valentjn.vscode-ltex-13.1.0/lib/ltex-ls-15.2.0/jdk-11.0.12+7/lib/libnet.so
7f4281c15000-7f4281c16000 r--p 00015000 103:02 10515747                  /home/louis/.vscode/extensions/valentjn.vscode-ltex-13.1.0/lib/ltex-ls-15.2.0/jdk-11.0.12+7/lib/libnet.so
7f4281c16000-7f4281c17000 rw-p 00016000 103:02 10515747                  /home/louis/.vscode/extensions/valentjn.vscode-ltex-13.1.0/lib/ltex-ls-15.2.0/jdk-11.0.12+7/lib/libnet.so
7f4281d00000-7f4281d04000 ---p 00000000 00:00 0 
7f4281d04000-7f4281e00000 rw-p 00000000 00:00 0 
7f4281e00000-7f4281e0f000 r-xp 00000000 103:02 10517082                  /home/louis/.vscode/extensions/valentjn.vscode-ltex-13.1.0/lib/ltex-ls-15.2.0/jdk-11.0.12+7/lib/libnio.so
7f4281e0f000-7f428200f000 ---p 0000f000 103:02 10517082                  /home/louis/.vscode/extensions/valentjn.vscode-ltex-13.1.0/lib/ltex-ls-15.2.0/jdk-11.0.12+7/lib/libnio.so
7f428200f000-7f4282010000 r--p 0000f000 103:02 10517082                  /home/louis/.vscode/extensions/valentjn.vscode-ltex-13.1.0/lib/ltex-ls-15.2.0/jdk-11.0.12+7/lib/libnio.so
7f4282010000-7f4282011000 rw-p 00010000 103:02 10517082                  /home/louis/.vscode/extensions/valentjn.vscode-ltex-13.1.0/lib/ltex-ls-15.2.0/jdk-11.0.12+7/lib/libnio.so
7f42820fe000-7f4282102000 ---p 00000000 00:00 0 
7f4282102000-7f42821fe000 rw-p 00000000 00:00 0 
7f42821fe000-7f4282202000 ---p 00000000 00:00 0 
7f4282202000-7f4282400000 rw-p 00000000 00:00 0 
7f4282400000-7f4282404000 ---p 00000000 00:00 0 
7f4282404000-7f4282500000 rw-p 00000000 00:00 0 
7f4282500000-7f4282504000 ---p 00000000 00:00 0 
7f4282504000-7f4282600000 rw-p 00000000 00:00 0 
7f4282600000-7f4282604000 ---p 00000000 00:00 0 
7f4282604000-7f4282700000 rw-p 00000000 00:00 0 
7f4282700000-7f4282704000 ---p 00000000 00:00 0 
7f4282704000-7f4282800000 rw-p 00000000 00:00 0 
7f4282800000-7f4282804000 ---p 00000000 00:00 0 
7f4282804000-7f4282900000 rw-p 00000000 00:00 0 
7f4282900000-7f4282904000 ---p 00000000 00:00 0 
7f4282904000-7f4282a00000 rw-p 00000000 00:00 0 
7f4282a00000-7f4282cec000 r--p 00000000 103:02 11599352                  /usr/lib/locale/locale-archive
7f4282cfe000-7f4282d02000 ---p 00000000 00:00 0 
7f4282d02000-7f4282dfe000 rw-p 00000000 00:00 0 
7f4282dfe000-7f4282e02000 ---p 00000000 00:00 0 
7f4282e02000-7f4283000000 rw-p 00000000 00:00 0 
7f4283000000-7f4283800000 rw-p 00000000 00:00 0 
7f42838f7000-7f4283afb000 rw-p 00000000 00:00 0 
7f4283afb000-7f4284021000 rw-p 00000000 00:00 0 
7f4284021000-7f4288000000 ---p 00000000 00:00 0 
7f4288000000-7f4288021000 rw-p 00000000 00:00 0 
7f4288021000-7f428c000000 ---p 00000000 00:00 0 
7f428c000000-7f428c021000 rw-p 00000000 00:00 0 
7f428c021000-7f4290000000 ---p 00000000 00:00 0 
7f42900fb000-7f4292600000 rw-p 00000000 00:00 0 
7f4292600000-7f4292900000 rwxp 00000000 00:00 0 
7f4292900000-7f4292d3f000 ---p 00000000 00:00 0 
7f4292d3f000-7f429335f000 rwxp 00000000 00:00 0 
7f429335f000-7f429a19f000 ---p 00000000 00:00 0 
7f429a19f000-7f429a40f000 rwxp 00000000 00:00 0 
7f429a40f000-7f42a1600000 ---p 00000000 00:00 0 
7f42a1600000-7f42a3f1e000 r--s 00000000 103:02 10523414                  /home/louis/.vscode/extensions/valentjn.vscode-ltex-13.1.0/lib/ltex-ls-15.2.0/jdk-11.0.12+7/lib/modules
7f42a4000000-7f42a505d000 rw-p 00000000 00:00 0 
7f42a505d000-7f42a8000000 ---p 00000000 00:00 0 
7f42a80f9000-7f42a83fc000 rw-p 00000000 00:00 0 
7f42a83fc000-7f42a8600000 rw-p 00000000 00:00 0 
7f42a8600000-7f42a8774000 rw-p 00000000 00:00 0 
7f42a8774000-7f42a8e00000 ---p 00000000 00:00 0 
7f42a8e00000-7f42a8f74000 rw-p 00000000 00:00 0 
7f42a8f74000-7f42a9600000 ---p 00000000 00:00 0 
7f42a96f6000-7f42a9725000 rw-p 00000000 00:00 0 
7f42a9725000-7f42a97f6000 ---p 00000000 00:00 0 
7f42a97f6000-7f42a9825000 rw-p 00000000 00:00 0 
7f42a9825000-7f42a98f6000 ---p 00000000 00:00 0 
7f42a98f6000-7f42a9925000 rw-p 00000000 00:00 0 
7f42a9925000-7f42a99f6000 ---p 00000000 00:00 0 
7f42a99f6000-7f42aa400000 rw-p 00000000 00:00 0 
7f42aa400000-7f42aa407000 r-xp 00000000 103:02 10523307                  /home/louis/.vscode/extensions/valentjn.vscode-ltex-13.1.0/lib/ltex-ls-15.2.0/jdk-11.0.12+7/lib/libzip.so
7f42aa407000-7f42aa606000 ---p 00007000 103:02 10523307                  /home/louis/.vscode/extensions/valentjn.vscode-ltex-13.1.0/lib/ltex-ls-15.2.0/jdk-11.0.12+7/lib/libzip.so
7f42aa606000-7f42aa607000 r--p 00006000 103:02 10523307                  /home/louis/.vscode/extensions/valentjn.vscode-ltex-13.1.0/lib/ltex-ls-15.2.0/jdk-11.0.12+7/lib/libzip.so
7f42aa607000-7f42aa608000 rw-p 00007000 103:02 10523307                  /home/louis/.vscode/extensions/valentjn.vscode-ltex-13.1.0/lib/ltex-ls-15.2.0/jdk-11.0.12+7/lib/libzip.so
7f42aa6ff000-7f42aa800000 rw-p 00000000 00:00 0 
7f42aa800000-7f42aa81b000 r-xp 00000000 103:02 10515474                  /home/louis/.vscode/extensions/valentjn.vscode-ltex-13.1.0/lib/ltex-ls-15.2.0/jdk-11.0.12+7/lib/libjimage.so
7f42aa81b000-7f42aaa1a000 ---p 0001b000 103:02 10515474                  /home/louis/.vscode/extensions/valentjn.vscode-ltex-13.1.0/lib/ltex-ls-15.2.0/jdk-11.0.12+7/lib/libjimage.so
7f42aaa1a000-7f42aaa1c000 r--p 0001a000 103:02 10515474                  /home/louis/.vscode/extensions/valentjn.vscode-ltex-13.1.0/lib/ltex-ls-15.2.0/jdk-11.0.12+7/lib/libjimage.so
7f42aaa1c000-7f42aaa1d000 rw-p 0001c000 103:02 10515474                  /home/louis/.vscode/extensions/valentjn.vscode-ltex-13.1.0/lib/ltex-ls-15.2.0/jdk-11.0.12+7/lib/libjimage.so
7f42aaa7e000-7f42aac00000 rw-p 00000000 00:00 0 
7f42aac00000-7f42aac29000 r-xp 00000000 103:02 10515338                  /home/louis/.vscode/extensions/valentjn.vscode-ltex-13.1.0/lib/ltex-ls-15.2.0/jdk-11.0.12+7/lib/libjava.so
7f42aac29000-7f42aae28000 ---p 00029000 103:02 10515338                  /home/louis/.vscode/extensions/valentjn.vscode-ltex-13.1.0/lib/ltex-ls-15.2.0/jdk-11.0.12+7/lib/libjava.so
7f42aae28000-7f42aae29000 r--p 00028000 103:02 10515338                  /home/louis/.vscode/extensions/valentjn.vscode-ltex-13.1.0/lib/ltex-ls-15.2.0/jdk-11.0.12+7/lib/libjava.so
7f42aae29000-7f42aae2a000 rw-p 00029000 103:02 10515338                  /home/louis/.vscode/extensions/valentjn.vscode-ltex-13.1.0/lib/ltex-ls-15.2.0/jdk-11.0.12+7/lib/libjava.so
7f42aae2a000-7f42aae2b000 rw-p 00000000 00:00 0 
7f42aae4b000-7f42ab000000 rw-p 00000000 00:00 0 
7f42ab000000-7f42ab00d000 r-xp 00000000 103:02 10522520                  /home/louis/.vscode/extensions/valentjn.vscode-ltex-13.1.0/lib/ltex-ls-15.2.0/jdk-11.0.12+7/lib/libverify.so
7f42ab00d000-7f42ab20c000 ---p 0000d000 103:02 10522520                  /home/louis/.vscode/extensions/valentjn.vscode-ltex-13.1.0/lib/ltex-ls-15.2.0/jdk-11.0.12+7/lib/libverify.so
7f42ab20c000-7f42ab20e000 r--p 0000c000 103:02 10522520                  /home/louis/.vscode/extensions/valentjn.vscode-ltex-13.1.0/lib/ltex-ls-15.2.0/jdk-11.0.12+7/lib/libverify.so
7f42ab20e000-7f42ab20f000 rw-p 0000e000 103:02 10522520                  /home/louis/.vscode/extensions/valentjn.vscode-ltex-13.1.0/lib/ltex-ls-15.2.0/jdk-11.0.12+7/lib/libverify.so
7f42ab215000-7f42ab317000 rw-p 00000000 00:00 0 
7f42ab317000-7f42ab31c000 rw-p 00000000 00:00 0 
7f42ab31c000-7f42ab400000 ---p 00000000 00:00 0 
7f42ab400000-7f42ac677000 r-xp 00000000 103:02 10523989                  /home/louis/.vscode/extensions/valentjn.vscode-ltex-13.1.0/lib/ltex-ls-15.2.0/jdk-11.0.12+7/lib/server/libjvm.so
7f42ac677000-7f42ac876000 ---p 01277000 103:02 10523989                  /home/louis/.vscode/extensions/valentjn.vscode-ltex-13.1.0/lib/ltex-ls-15.2.0/jdk-11.0.12+7/lib/server/libjvm.so
7f42ac876000-7f42ac93b000 r--p 01276000 103:02 10523989                  /home/louis/.vscode/extensions/valentjn.vscode-ltex-13.1.0/lib/ltex-ls-15.2.0/jdk-11.0.12+7/lib/server/libjvm.so
7f42ac93b000-7f42ac976000 rw-p 0133b000 103:02 10523989                  /home/louis/.vscode/extensions/valentjn.vscode-ltex-13.1.0/lib/ltex-ls-15.2.0/jdk-11.0.12+7/lib/server/libjvm.so
7f42ac976000-7f42ac9cd000 rw-p 00000000 00:00 0 
7f42ac9df000-7f42aca00000 rw-p 00000000 00:00 0 
7f42aca00000-7f42aca24000 r--p 00000000 103:02 11537807                  /usr/lib/libc.so.6
7f42aca24000-7f42acb96000 r-xp 00024000 103:02 11537807                  /usr/lib/libc.so.6
7f42acb96000-7f42acc05000 r--p 00196000 103:02 11537807                  /usr/lib/libc.so.6
7f42acc05000-7f42acc09000 r--p 00204000 103:02 11537807                  /usr/lib/libc.so.6
7f42acc09000-7f42acc0b000 rw-p 00208000 103:02 11537807                  /usr/lib/libc.so.6
7f42acc0b000-7f42acc13000 rw-p 00000000 00:00 0 
7f42acc17000-7f42acc24000 rw-p 00000000 00:00 0 
7f42acc24000-7f42acd00000 ---p 00000000 00:00 0 
7f42acd00000-7f42acd04000 ---p 00000000 00:00 0 
7f42acd04000-7f42ace00000 rw-p 00000000 00:00 0 
7f42ace00000-7f42ace10000 r-xp 00000000 103:02 10514315                  /home/louis/.vscode/extensions/valentjn.vscode-ltex-13.1.0/lib/ltex-ls-15.2.0/jdk-11.0.12+7/lib/jli/libjli.so
7f42ace10000-7f42ad00f000 ---p 00010000 103:02 10514315                  /home/louis/.vscode/extensions/valentjn.vscode-ltex-13.1.0/lib/ltex-ls-15.2.0/jdk-11.0.12+7/lib/jli/libjli.so
7f42ad00f000-7f42ad010000 r--p 0000f000 103:02 10514315                  /home/louis/.vscode/extensions/valentjn.vscode-ltex-13.1.0/lib/ltex-ls-15.2.0/jdk-11.0.12+7/lib/jli/libjli.so
7f42ad010000-7f42ad011000 rw-p 00010000 103:02 10514315                  /home/louis/.vscode/extensions/valentjn.vscode-ltex-13.1.0/lib/ltex-ls-15.2.0/jdk-11.0.12+7/lib/jli/libjli.so
7f42ad031000-7f42ad084000 rw-p 00000000 00:00 0 
7f42ad084000-7f42ad085000 r--p 00000000 103:02 11537866                  /usr/lib/librt.so.1
7f42ad085000-7f42ad086000 r-xp 00001000 103:02 11537866                  /usr/lib/librt.so.1
7f42ad086000-7f42ad087000 r--p 00002000 103:02 11537866                  /usr/lib/librt.so.1
7f42ad087000-7f42ad088000 r--p 00002000 103:02 11537866                  /usr/lib/librt.so.1
7f42ad088000-7f42ad089000 rw-p 00003000 103:02 11537866                  /usr/lib/librt.so.1
7f42ad089000-7f42ad098000 r--p 00000000 103:02 11537833                  /usr/lib/libm.so.6
7f42ad098000-7f42ad123000 r-xp 0000f000 103:02 11537833                  /usr/lib/libm.so.6
7f42ad123000-7f42ad195000 r--p 0009a000 103:02 11537833                  /usr/lib/libm.so.6
7f42ad195000-7f42ad196000 r--p 0010b000 103:02 11537833                  /usr/lib/libm.so.6
7f42ad196000-7f42ad197000 rw-p 0010c000 103:02 11537833                  /usr/lib/libm.so.6
7f42ad197000-7f42ad19b000 rw-p 00000000 00:00 0 
7f42ad19b000-7f42ad19c000 r--p 00000000 103:02 11537821                  /usr/lib/libdl.so.2
7f42ad19c000-7f42ad19d000 r-xp 00001000 103:02 11537821                  /usr/lib/libdl.so.2
7f42ad19d000-7f42ad19e000 r--p 00002000 103:02 11537821                  /usr/lib/libdl.so.2
7f42ad19e000-7f42ad19f000 r--p 00002000 103:02 11537821                  /usr/lib/libdl.so.2
7f42ad19f000-7f42ad1a0000 rw-p 00003000 103:02 11537821                  /usr/lib/libdl.so.2
7f42ad1a0000-7f42ad1a1000 r--p 00000000 103:02 11537860                  /usr/lib/libpthread.so.0
7f42ad1a1000-7f42ad1a2000 r-xp 00001000 103:02 11537860                  /usr/lib/libpthread.so.0
7f42ad1a2000-7f42ad1a3000 r--p 00002000 103:02 11537860                  /usr/lib/libpthread.so.0
7f42ad1a3000-7f42ad1a4000 r--p 00002000 103:02 11537860                  /usr/lib/libpthread.so.0
7f42ad1a4000-7f42ad1a5000 rw-p 00003000 103:02 11537860                  /usr/lib/libpthread.so.0
7f42ad1a5000-7f42ad1a8000 r--p 00000000 103:02 11541800                  /usr/lib/libz.so.1.3.1
7f42ad1a8000-7f42ad1b6000 r-xp 00003000 103:02 11541800                  /usr/lib/libz.so.1.3.1
7f42ad1b6000-7f42ad1bc000 r--p 00011000 103:02 11541800                  /usr/lib/libz.so.1.3.1
7f42ad1bc000-7f42ad1bd000 r--p 00017000 103:02 11541800                  /usr/lib/libz.so.1.3.1
7f42ad1bd000-7f42ad1be000 rw-p 00018000 103:02 11541800                  /usr/lib/libz.so.1.3.1
7f42ad1d4000-7f42ad1da000 rw-p 00000000 00:00 0 
7f42ad1da000-7f42ad1e3000 ---p 00000000 00:00 0 
7f42ad1e3000-7f42ad1eb000 rw-s 00000000 00:26 475                        /tmp/hsperfdata_louis/3040
7f42ad1eb000-7f42ad1ec000 ---p 00000000 00:00 0 
7f42ad1ec000-7f42ad1ed000 r--p 00000000 00:00 0 
7f42ad1ed000-7f42ad1ef000 rw-p 00000000 00:00 0 
7f42ad1ef000-7f42ad1f3000 r--p 00000000 00:00 0                          [vvar]
7f42ad1f3000-7f42ad1f5000 r--p 00000000 00:00 0                          [vvar_vclock]
7f42ad1f5000-7f42ad1f7000 r-xp 00000000 00:00 0                          [vdso]
7f42ad1f7000-7f42ad1f8000 r--p 00000000 103:02 11537752                  /usr/lib/ld-linux-x86-64.so.2
7f42ad1f8000-7f42ad222000 r-xp 00001000 103:02 11537752                  /usr/lib/ld-linux-x86-64.so.2
7f42ad222000-7f42ad230000 r--p 0002b000 103:02 11537752                  /usr/lib/ld-linux-x86-64.so.2
7f42ad230000-7f42ad232000 r--p 00039000 103:02 11537752                  /usr/lib/ld-linux-x86-64.so.2
7f42ad232000-7f42ad233000 rw-p 0003b000 103:02 11537752                  /usr/lib/ld-linux-x86-64.so.2
7f42ad233000-7f42ad234000 rw-p 00000000 00:00 0 
7fff7cadd000-7fff7caff000 rw-p 00000000 00:00 0                          [stack]
ffffffffff600000-ffffffffff601000 --xp 00000000 00:00 0                  [vsyscall]


VM Arguments:
jvm_args: -Xms64m -Xmx512m -Dapp.name=ltex-ls -Dapp.pid=3040 -Dapp.repo=/home/louis/.vscode/extensions/valentjn.vscode-ltex-13.1.0/lib/ltex-ls-15.2.0/lib -Dapp.home=/home/louis/.vscode/extensions/valentjn.vscode-ltex-13.1.0/lib/ltex-ls-15.2.0 -Dbasedir=/home/louis/.vscode/extensions/valentjn.vscode-ltex-13.1.0/lib/ltex-ls-15.2.0 
java_command: org.bsplines.ltexls.LtexLanguageServerLauncher
java_class_path (initial): /home/louis/.vscode/extensions/valentjn.vscode-ltex-13.1.0/lib/ltex-ls-15.2.0/etc:/home/louis/.vscode/extensions/valentjn.vscode-ltex-13.1.0/lib/ltex-ls-15.2.0/lib/commons-pool2-2.9.0.jar:/home/louis/.vscode/extensions/valentjn.vscode-ltex-13.1.0/lib/ltex-ls-15.2.0/lib/jwordsplitter-4.5.jar:/home/louis/.vscode/extensions/valentjn.vscode-ltex-13.1.0/lib/ltex-ls-15.2.0/lib/proto-google-common-protos-1.17.0.jar:/home/louis/.vscode/extensions/valentjn.vscode-ltex-13.1.0/lib/ltex-ls-15.2.0/lib/commons-text-1.9.jar:/home/louis/.vscode/extensions/valentjn.vscode-ltex-13.1.0/lib/ltex-ls-15.2.0/lib/french-pos-dict-0.4.jar:/home/louis/.vscode/extensions/valentjn.vscode-ltex-13.1.0/lib/ltex-ls-15.2.0/lib/language-sl-5.5.jar:/home/louis/.vscode/extensions/valentjn.vscode-ltex-13.1.0/lib/ltex-ls-15.2.0/lib/LatencyUtils-2.0.3.jar:/home/louis/.vscode/extensions/valentjn.vscode-ltex-13.1.0/lib/ltex-ls-15.2.0/lib/checker-qual-2.5.2.jar:/home/louis/.vscode/extensions/valentjn.vscode-ltex-13.1.0/lib/ltex-ls-15.2.0/lib/j2objc-annotations-1.3.jar:/home/louis/.vscode/extensions/valentjn.vscode-ltex-13.1.0/lib/ltex-ls-15.2.0/lib/kotlin-stdlib-1.6.0.jar:/home/louis/.vscode/extensions/valentjn.vscode-ltex-13.1.0/lib/ltex-ls-15.2.0/lib/language-en-5.5.jar:/home/louis/.vscode/extensions/valentjn.vscode-ltex-13.1.0/lib/ltex-ls-15.2.0/lib/flexmark-util-options-0.62.2.jar:/home/louis/.vscode/extensions/valentjn.vscode-ltex-13.1.0/lib/ltex-ls-15.2.0/lib/guava-30.1-jre.jar:/home/louis/.vscode/extensions/valentjn.vscode-ltex-13.1.0/lib/ltex-ls-15.2.0/lib/slf4j-nop-1.7.32.jar:/home/louis/.vscode/extensions/valentjn.vscode-ltex-13.1.0/lib/ltex-ls-15.2.0/lib/hppc-0.8.2.jar:/home/louis/.vscode/extensions/valentjn.vscode-ltex-13.1.0/lib/ltex-ls-15.2.0/lib/jaxb-api-2.3.0.jar:/home/louis/.vscode/extensions/valentjn.vscode-ltex-13.1.0/lib/ltex-ls-15.2.0/lib/language-gl-5.5.jar:/home/louis/.vscode/extensions/valentjn.vscode-ltex-13.1.0/lib/ltex-ls-15.2.0/lib/dx-1.7.jar:/home/lou
Launcher Type: SUN_STANDARD

[Global flags]
     intx CICompilerCount                          = 12                                        {product} {ergonomic}
     uint ConcGCThreads                            = 3                                         {product} {ergonomic}
     uint G1ConcRefinementThreads                  = 13                                        {product} {ergonomic}
   size_t G1HeapRegionSize                         = 1048576                                   {product} {ergonomic}
    uintx GCDrainStackTargetSize                   = 64                                        {product} {ergonomic}
   size_t InitialHeapSize                          = 67108864                                  {product} {command line}
   size_t MarkStackSize                            = 4194304                                   {product} {ergonomic}
   size_t MaxHeapSize                              = 536870912                                 {product} {command line}
   size_t MaxNewSize                               = 321912832                                 {product} {ergonomic}
   size_t MinHeapDeltaBytes                        = 1048576                                   {product} {ergonomic}
    uintx NonNMethodCodeHeapSize                   = 7594288                                {pd product} {ergonomic}
    uintx NonProfiledCodeHeapSize                  = 122031976                              {pd product} {ergonomic}
    uintx ProfiledCodeHeapSize                     = 122031976                              {pd product} {ergonomic}
    uintx ReservedCodeCacheSize                    = 251658240                              {pd product} {ergonomic}
     bool SegmentedCodeCache                       = true                                      {product} {ergonomic}
     bool UseCompressedClassPointers               = true                                 {lp64_product} {ergonomic}
     bool UseCompressedOops                        = true                                 {lp64_product} {ergonomic}
     bool UseG1GC                                  = true                                      {product} {ergonomic}

Logging:
Log output configuration:
 #0: stdout all=warning uptime,level,tags
 #1: stderr all=off uptime,level,tags

Environment Variables:
PATH=/usr/local/sbin:/usr/local/bin:/usr/sbin:/usr/bin:/sbin:/bin:/var/lib/flatpak/exports/bin:/usr/lib/jvm/default/bin:/usr/bin/site_perl:/usr/bin/vendor_perl:/usr/bin/core_perl
SHELL=/usr/bin/zsh
DISPLAY=:0
LANG=en_US.UTF-8

Signal Handlers:
SIGSEGV: [libjvm.so+0xf4bc80], sa_mask[0]=11111111011111111101111111111110, sa_flags=SA_RESTART|SA_SIGINFO
SIGBUS: [libjvm.so+0xf4bc80], sa_mask[0]=11111111011111111101111111111110, sa_flags=SA_RESTART|SA_SIGINFO
SIGFPE: [libjvm.so+0xf4bc80], sa_mask[0]=11111111011111111101111111111110, sa_flags=SA_RESTART|SA_SIGINFO
SIGPIPE: [libjvm.so+0xc6c2b0], sa_mask[0]=11111111011111111101111111111110, sa_flags=SA_RESTART|SA_SIGINFO
SIGXFSZ: [libjvm.so+0xc6c2b0], sa_mask[0]=11111111011111111101111111111110, sa_flags=SA_RESTART|SA_SIGINFO
SIGILL: [libjvm.so+0xf4bc80], sa_mask[0]=11111111011111111101111111111110, sa_flags=SA_RESTART|SA_SIGINFO
SIGUSR2: [libjvm.so+0xc6c150], sa_mask[0]=00000000000000000000000000000000, sa_flags=SA_RESTART|SA_SIGINFO
SIGHUP: [libjvm.so+0xc6c4b0], sa_mask[0]=11111111011111111101111111111110, sa_flags=SA_RESTART|SA_SIGINFO
SIGINT: [libjvm.so+0xc6c4b0], sa_mask[0]=11111111011111111101111111111110, sa_flags=SA_RESTART|SA_SIGINFO
SIGTERM: [libjvm.so+0xc6c4b0], sa_mask[0]=11111111011111111101111111111110, sa_flags=SA_RESTART|SA_SIGINFO
SIGQUIT: [libjvm.so+0xc6c4b0], sa_mask[0]=11111111011111111101111111111110, sa_flags=SA_RESTART|SA_SIGINFO


---------------  S Y S T E M  ---------------

OS:DISTRIB_ID="EndeavourOS"
DISTRIB_RELEASE="rolling"
DISTRIB_DESCRIPTION="EndeavourOS Linux"
DISTRIB_CODENAME="rolling"
uname:Linux 6.16.8-arch2-1 #1 SMP PREEMPT_DYNAMIC Sun, 21 Sep 2025 23:19:08 +0000 x86_64
OS uptime: 0 days 0:01 hours
libc:glibc 2.42 NPTL 2.42 
rlimit (soft/hard): STACK 8192k/infinity , CORE infinity/infinity , NPROC 125056/125056 , NOFILE 524288/524288 , AS infinity/infinity , CPU infinity/infinity , DATA infinity/infinity , FSIZE infinity/infinity , MEMLOCK infinity/infinity
load average:0.96 0.29 0.10

/proc/meminfo:
MemTotal:       32187168 kB
MemFree:        26532704 kB
MemAvailable:   27753076 kB
Buffers:          212128 kB
Cached:          1371712 kB
SwapCached:            0 kB
Active:          3612688 kB
Inactive:         644816 kB
Active(anon):    2756140 kB
Inactive(anon):        0 kB
Active(file):     856548 kB
Inactive(file):   644816 kB
Unevictable:           0 kB
Mlocked:               0 kB
SwapTotal:             0 kB
SwapFree:              0 kB
Zswap:                 0 kB
Zswapped:              0 kB
Dirty:              6872 kB
Writeback:             0 kB
AnonPages:       2671464 kB
Mapped:           684580 kB
Shmem:             93584 kB
KReclaimable:     158376 kB
Slab:             291092 kB
SReclaimable:     158376 kB
SUnreclaim:       132716 kB
KernelStack:       17840 kB
PageTables:        34652 kB
SecPageTables:      3180 kB
NFS_Unstable:          0 kB
Bounce:                0 kB
WritebackTmp:          0 kB
CommitLimit:    16093584 kB
Committed_AS:   14527264 kB
VmallocTotal:   34359738367 kB
VmallocUsed:       81100 kB
VmallocChunk:          0 kB
Percpu:            12672 kB
HardwareCorrupted:     0 kB
AnonHugePages:    290816 kB
ShmemHugePages:        0 kB
ShmemPmdMapped:        0 kB
FileHugePages:     22528 kB
FilePmdMapped:     12288 kB
CmaTotal:              0 kB
CmaFree:               0 kB
Unaccepted:            0 kB
Balloon:               0 kB
HugePages_Total:       0
HugePages_Free:        0
HugePages_Rsvd:        0
HugePages_Surp:        0
Hugepagesize:       2048 kB
Hugetlb:               0 kB
DirectMap4k:      537220 kB
DirectMap2M:     8220672 kB
DirectMap1G:    25165824 kB

/sys/kernel/mm/transparent_hugepage/enabled:
[always] madvise never
/sys/kernel/mm/transparent_hugepage/defrag (defrag/compaction efforts parameter):
always defer defer+madvise [madvise] never

Process Memory:
Virtual Size: 3943028K (peak: 3943028K)
Resident Set Size: 321980K (peak: 321980K) (anon: 291656K, file: 30280K, shmem: 44K)
Swapped out: 0K
C-Heap outstanding allocations: 122631K

/proc/sys/kernel/threads-max (system-wide limit on the number of threads):
250112
/proc/sys/vm/max_map_count (maximum number of memory map areas a process may have):
1048576
/proc/sys/kernel/pid_max (system-wide limit on number of process identifiers):
4194304

Steal ticks since vm start: 0
Steal ticks percentage since vm start:  0.000

CPU:total 16 (initial active 16) (16 cores per cpu, 2 threads per core) family 23 model 104 stepping 1 microcode 0x8608108, cmov, cx8, fxsr, mmx, sse, sse2, sse3, ssse3, sse4.1, sse4.2, popcnt, avx, avx2, aes, clmul, mmxext, 3dnowpref, lzcnt, sse4a, ht, tsc, tscinvbit, tscinv, bmi1, bmi2, adx, sha, fma
CPU Model and flags from /proc/cpuinfo:
model name	: AMD Ryzen 7 5700U with Radeon Graphics
flags		: fpu vme de pse tsc msr pae mce cx8 apic sep mtrr pge mca cmov pat pse36 clflush mmx fxsr sse sse2 ht syscall nx mmxext fxsr_opt pdpe1gb rdtscp lm constant_tsc rep_good nopl xtopology nonstop_tsc cpuid extd_apicid aperfmperf rapl pni pclmulqdq monitor ssse3 fma cx16 sse4_1 sse4_2 movbe popcnt aes xsave avx f16c rdrand lahf_lm cmp_legacy svm extapic cr8_legacy abm sse4a misalignsse 3dnowprefetch osvw ibs skinit wdt tce topoext perfctr_core perfctr_nb bpext perfctr_llc mwaitx cpb cat_l3 cdp_l3 hw_pstate ssbd mba ibrs ibpb stibp vmmcall fsgsbase bmi1 avx2 smep bmi2 cqm rdt_a rdseed adx smap clflushopt clwb sha_ni xsaveopt xsavec xgetbv1 cqm_llc cqm_occup_llc cqm_mbm_total cqm_mbm_local clzero irperf xsaveerptr rdpru wbnoinvd cppc arat npt lbrv svm_lock nrip_save tsc_scale vmcb_clean flushbyasid decodeassists pausefilter pfthreshold avic v_vmsave_vmload vgif v_spec_ctrl umip rdpid overflow_recov succor smca
Online cpus:
0-15
Offline cpus:

BIOS frequency limitation:
<Not Available>
Frequency switch latency (ns):
0
Available cpu frequencies:
<Not Available>
Current governor:
powersave
Core performance/turbo boost:
1

Memory: 4k page, physical 32187168k(26532704k free), swap 0k(0k free)

vm_info: OpenJDK 64-Bit Server VM (11.0.12+7) for linux-amd64 JRE (11.0.12+7), built on Jul 21 2021 08:09:41 by "" with gcc 7.5.0

END.
