This is pdfTeX, Version 3.141592653-2.6-1.40.27 (TeX Live 2026/dev/Arch Linux) (preloaded format=pdflatex 2025.9.20)  8 OCT 2025 04:31
entering extended mode
 restricted \write18 enabled.
 file:line:error style messages enabled.
 %&-line parsing enabled.
**/home/louis/my/internship/thesis/main.tex
(/home/louis/my/internship/thesis/main.tex
LaTeX2e <2024-11-01> patch level 2
L3 programming layer <2025-01-18>
(/usr/share/texmf-dist/tex/latex/base/article.cls
Document Class: article 2024/06/29 v1.4n Standard LaTeX document class
(/usr/share/texmf-dist/tex/latex/base/size11.clo
File: size11.clo 2024/06/29 v1.4n Standard LaTeX file (size option)
)
\c@part=\count196
\c@section=\count197
\c@subsection=\count198
\c@subsubsection=\count199
\c@paragraph=\count266
\c@subparagraph=\count267
\c@figure=\count268
\c@table=\count269
\abovecaptionskip=\skip49
\belowcaptionskip=\skip50
\bibindent=\dimen141
) (/usr/share/texmf-dist/tex/latex/base/inputenc.sty
Package: inputenc 2024/02/08 v1.3d Input encoding file
\inpenc@prehook=\toks17
\inpenc@posthook=\toks18
) (/usr/share/texmf-dist/tex/latex/base/fontenc.sty
Package: fontenc 2021/04/29 v2.0v Standard LaTeX package
) (/usr/share/texmf-dist/tex/latex/libertine/libertine.sty
Package: libertine 2024/04/23 (Bob Tennent) Supports Libertine and Biolinum fonts for all LaTeX engines.
 (/usr/share/texmf-dist/tex/generic/iftex/ifxetex.sty
Package: ifxetex 2019/10/25 v0.7 ifxetex legacy package. Use iftex instead.
 (/usr/share/texmf-dist/tex/generic/iftex/iftex.sty
Package: iftex 2024/12/12 v1.0g TeX engine tests
)) (/usr/share/texmf-dist/tex/generic/iftex/ifluatex.sty
Package: ifluatex 2019/10/25 v1.5 ifluatex legacy package. Use iftex instead.
) (/usr/share/texmf-dist/tex/latex/xkeyval/xkeyval.sty
Package: xkeyval 2022/06/16 v2.9 package option processing (HA)
 (/usr/share/texmf-dist/tex/generic/xkeyval/xkeyval.tex (/usr/share/texmf-dist/tex/generic/xkeyval/xkvutils.tex
\XKV@toks=\toks19
\XKV@tempa@toks=\toks20
 (/usr/share/texmf-dist/tex/generic/xkeyval/keyval.tex))
\XKV@depth=\count270
File: xkeyval.tex 2014/12/03 v2.7a key=value parser (HA)
)) (/usr/share/texmf-dist/tex/latex/base/textcomp.sty
Package: textcomp 2024/04/24 v2.1b Standard LaTeX package
) (/usr/share/texmf-dist/tex/latex/base/fontenc.sty
Package: fontenc 2021/04/29 v2.0v Standard LaTeX package
) (/usr/share/texmf-dist/tex/latex/fontaxes/fontaxes.sty
Package: fontaxes 2020/07/21 v1.0e Font selection axes
LaTeX Info: Redefining \upshape on input line 29.
LaTeX Info: Redefining \itshape on input line 31.
LaTeX Info: Redefining \slshape on input line 33.
LaTeX Info: Redefining \swshape on input line 35.
LaTeX Info: Redefining \scshape on input line 37.
LaTeX Info: Redefining \sscshape on input line 39.
LaTeX Info: Redefining \ulcshape on input line 41.
LaTeX Info: Redefining \textsw on input line 47.
LaTeX Info: Redefining \textssc on input line 48.
LaTeX Info: Redefining \textulc on input line 49.
)
LaTeX Info: Redefining \oldstylenums on input line 485.
 (/usr/share/texmf-dist/tex/latex/libertine/LinLibertine_I.tex)) (/usr/share/texmf-dist/tex/latex/geometry/geometry.sty
Package: geometry 2020/01/02 v5.9 Page Geometry
 (/usr/share/texmf-dist/tex/generic/iftex/ifvtex.sty
Package: ifvtex 2019/10/25 v1.7 ifvtex legacy package. Use iftex instead.
)
\Gm@cnth=\count271
\Gm@cntv=\count272
\c@Gm@tempcnt=\count273
\Gm@bindingoffset=\dimen142
\Gm@wd@mp=\dimen143
\Gm@odd@mp=\dimen144
\Gm@even@mp=\dimen145
\Gm@layoutwidth=\dimen146
\Gm@layoutheight=\dimen147
\Gm@layouthoffset=\dimen148
\Gm@layoutvoffset=\dimen149
\Gm@dimlist=\toks21
) (/usr/share/texmf-dist/tex/latex/graphics/graphicx.sty
Package: graphicx 2021/09/16 v1.2d Enhanced LaTeX Graphics (DPC,SPQR)
 (/usr/share/texmf-dist/tex/latex/graphics/graphics.sty
Package: graphics 2024/08/06 v1.4g Standard LaTeX Graphics (DPC,SPQR)
 (/usr/share/texmf-dist/tex/latex/graphics/trig.sty
Package: trig 2023/12/02 v1.11 sin cos tan (DPC)
) (/usr/share/texmf-dist/tex/latex/graphics-cfg/graphics.cfg
File: graphics.cfg 2016/06/04 v1.11 sample graphics configuration
)
Package graphics Info: Driver file: pdftex.def on input line 106.
 (/usr/share/texmf-dist/tex/latex/graphics-def/pdftex.def
File: pdftex.def 2024/04/13 v1.2c Graphics/color driver for pdftex
))
\Gin@req@height=\dimen150
\Gin@req@width=\dimen151
) (/usr/share/texmf-dist/tex/latex/setspace/setspace.sty
Package: setspace 2022/12/04 v6.7b set line spacing
) (/usr/share/texmf-dist/tex/latex/hyperref/hyperref.sty
Package: hyperref 2024-11-05 v7.01l Hypertext links for LaTeX
 (/usr/share/texmf-dist/tex/latex/kvsetkeys/kvsetkeys.sty
Package: kvsetkeys 2022-10-05 v1.19 Key value parser (HO)
) (/usr/share/texmf-dist/tex/generic/kvdefinekeys/kvdefinekeys.sty
Package: kvdefinekeys 2019-12-19 v1.6 Define keys (HO)
) (/usr/share/texmf-dist/tex/generic/pdfescape/pdfescape.sty
Package: pdfescape 2019/12/09 v1.15 Implements pdfTeX's escape features (HO)
 (/usr/share/texmf-dist/tex/generic/ltxcmds/ltxcmds.sty
Package: ltxcmds 2023-12-04 v1.26 LaTeX kernel commands for general use (HO)
) (/usr/share/texmf-dist/tex/generic/pdftexcmds/pdftexcmds.sty
Package: pdftexcmds 2020-06-27 v0.33 Utility functions of pdfTeX for LuaTeX (HO)
 (/usr/share/texmf-dist/tex/generic/infwarerr/infwarerr.sty
Package: infwarerr 2019/12/03 v1.5 Providing info/warning/error messages (HO)
)
Package pdftexcmds Info: \pdf@primitive is available.
Package pdftexcmds Info: \pdf@ifprimitive is available.
Package pdftexcmds Info: \pdfdraftmode found.
)) (/usr/share/texmf-dist/tex/latex/hycolor/hycolor.sty
Package: hycolor 2020-01-27 v1.10 Color options for hyperref/bookmark (HO)
) (/usr/share/texmf-dist/tex/latex/hyperref/nameref.sty
Package: nameref 2023-11-26 v2.56 Cross-referencing by name of section
 (/usr/share/texmf-dist/tex/latex/refcount/refcount.sty
Package: refcount 2019/12/15 v3.6 Data extraction from label references (HO)
) (/usr/share/texmf-dist/tex/generic/gettitlestring/gettitlestring.sty
Package: gettitlestring 2019/12/15 v1.6 Cleanup title references (HO)
 (/usr/share/texmf-dist/tex/latex/kvoptions/kvoptions.sty
Package: kvoptions 2022-06-15 v3.15 Key value format for package options (HO)
))
\c@section@level=\count274
) (/usr/share/texmf-dist/tex/latex/etoolbox/etoolbox.sty
Package: etoolbox 2025/02/11 v2.5l e-TeX tools for LaTeX (JAW)
\etb@tempcnta=\count275
) (/usr/share/texmf-dist/tex/generic/stringenc/stringenc.sty
Package: stringenc 2019/11/29 v1.12 Convert strings between diff. encodings (HO)
)
\@linkdim=\dimen152
\Hy@linkcounter=\count276
\Hy@pagecounter=\count277
 (/usr/share/texmf-dist/tex/latex/hyperref/pd1enc.def
File: pd1enc.def 2024-11-05 v7.01l Hyperref: PDFDocEncoding definition (HO)
Now handling font encoding PD1 ...
... no UTF-8 mapping file for font encoding PD1
) (/usr/share/texmf-dist/tex/generic/intcalc/intcalc.sty
Package: intcalc 2019/12/15 v1.3 Expandable calculations with integers (HO)
)
\Hy@SavedSpaceFactor=\count278
 (/usr/share/texmf-dist/tex/latex/hyperref/puenc.def
File: puenc.def 2024-11-05 v7.01l Hyperref: PDF Unicode definition (HO)
Now handling font encoding PU ...
... no UTF-8 mapping file for font encoding PU
)
Package hyperref Info: Hyper figures OFF on input line 4157.
Package hyperref Info: Link nesting OFF on input line 4162.
Package hyperref Info: Hyper index ON on input line 4165.
Package hyperref Info: Plain pages OFF on input line 4172.
Package hyperref Info: Backreferencing OFF on input line 4177.
Package hyperref Info: Implicit mode ON; LaTeX internals redefined.
Package hyperref Info: Bookmarks ON on input line 4424.
\c@Hy@tempcnt=\count279
 (/usr/share/texmf-dist/tex/latex/url/url.sty
\Urlmuskip=\muskip17
Package: url 2013/09/16  ver 3.4  Verb mode for urls, etc.
)
LaTeX Info: Redefining \url on input line 4763.
\XeTeXLinkMargin=\dimen153
 (/usr/share/texmf-dist/tex/generic/bitset/bitset.sty
Package: bitset 2019/12/09 v1.3 Handle bit-vector datatype (HO)
 (/usr/share/texmf-dist/tex/generic/bigintcalc/bigintcalc.sty
Package: bigintcalc 2019/12/15 v1.5 Expandable calculations on big integers (HO)
))
\Fld@menulength=\count280
\Field@Width=\dimen154
\Fld@charsize=\dimen155
Package hyperref Info: Hyper figures OFF on input line 6042.
Package hyperref Info: Link nesting OFF on input line 6047.
Package hyperref Info: Hyper index ON on input line 6050.
Package hyperref Info: backreferencing OFF on input line 6057.
Package hyperref Info: Link coloring OFF on input line 6062.
Package hyperref Info: Link coloring with OCG OFF on input line 6067.
Package hyperref Info: PDF/A mode OFF on input line 6072.
 (/usr/share/texmf-dist/tex/latex/base/atbegshi-ltx.sty
Package: atbegshi-ltx 2021/01/10 v1.0c Emulation of the original atbegshi
package with kernel methods
)
\Hy@abspage=\count281
\c@Item=\count282
\c@Hfootnote=\count283
)
Package hyperref Info: Driver (autodetected): hpdftex.
 (/usr/share/texmf-dist/tex/latex/hyperref/hpdftex.def
File: hpdftex.def 2024-11-05 v7.01l Hyperref driver for pdfTeX
 (/usr/share/texmf-dist/tex/latex/base/atveryend-ltx.sty
Package: atveryend-ltx 2020/08/19 v1.0a Emulation of the original atveryend package
with kernel methods
)
\Fld@listcount=\count284
\c@bookmark@seq@number=\count285
 (/usr/share/texmf-dist/tex/latex/rerunfilecheck/rerunfilecheck.sty
Package: rerunfilecheck 2022-07-10 v1.10 Rerun checks for auxiliary files (HO)
 (/usr/share/texmf-dist/tex/generic/uniquecounter/uniquecounter.sty
Package: uniquecounter 2019/12/15 v1.4 Provide unlimited unique counter (HO)
)
Package uniquecounter Info: New unique counter `rerunfilecheck' on input line 285.
)
\Hy@SectionHShift=\skip51
) (/usr/share/texmf-dist/tex/latex/amsfonts/amssymb.sty
Package: amssymb 2013/01/14 v3.01 AMS font symbols
 (/usr/share/texmf-dist/tex/latex/amsfonts/amsfonts.sty
Package: amsfonts 2013/01/14 v3.01 Basic AMSFonts support
\@emptytoks=\toks22
\symAMSa=\mathgroup4
\symAMSb=\mathgroup5
LaTeX Font Info:    Redeclaring math symbol \hbar on input line 98.
LaTeX Font Info:    Overwriting math alphabet `\mathfrak' in version `bold'
(Font)                  U/euf/m/n --> U/euf/b/n on input line 106.
)) (/usr/share/texmf-dist/tex/latex/amsmath/amsmath.sty
Package: amsmath 2024/11/05 v2.17t AMS math features
\@mathmargin=\skip52

For additional information on amsmath, use the `?' option.
(/usr/share/texmf-dist/tex/latex/amsmath/amstext.sty
Package: amstext 2021/08/26 v2.01 AMS text
 (/usr/share/texmf-dist/tex/latex/amsmath/amsgen.sty
File: amsgen.sty 1999/11/30 v2.0 generic functions
\@emptytoks=\toks23
\ex@=\dimen156
)) (/usr/share/texmf-dist/tex/latex/amsmath/amsbsy.sty
Package: amsbsy 1999/11/29 v1.2d Bold Symbols
\pmbraise@=\dimen157
) (/usr/share/texmf-dist/tex/latex/amsmath/amsopn.sty
Package: amsopn 2022/04/08 v2.04 operator names
)
\inf@bad=\count286
LaTeX Info: Redefining \frac on input line 233.
\uproot@=\count287
\leftroot@=\count288
LaTeX Info: Redefining \overline on input line 398.
LaTeX Info: Redefining \colon on input line 409.
\classnum@=\count289
\DOTSCASE@=\count290
LaTeX Info: Redefining \ldots on input line 495.
LaTeX Info: Redefining \dots on input line 498.
LaTeX Info: Redefining \cdots on input line 619.
\Mathstrutbox@=\box52
\strutbox@=\box53
LaTeX Info: Redefining \big on input line 721.
LaTeX Info: Redefining \Big on input line 722.
LaTeX Info: Redefining \bigg on input line 723.
LaTeX Info: Redefining \Bigg on input line 724.
\big@size=\dimen158
LaTeX Font Info:    Redeclaring font encoding OML on input line 742.
LaTeX Font Info:    Redeclaring font encoding OMS on input line 743.
\macc@depth=\count291
LaTeX Info: Redefining \bmod on input line 904.
LaTeX Info: Redefining \pmod on input line 909.
LaTeX Info: Redefining \smash on input line 939.
LaTeX Info: Redefining \relbar on input line 969.
LaTeX Info: Redefining \Relbar on input line 970.
\c@MaxMatrixCols=\count292
\dotsspace@=\muskip18
\c@parentequation=\count293
\dspbrk@lvl=\count294
\tag@help=\toks24
\row@=\count295
\column@=\count296
\maxfields@=\count297
\andhelp@=\toks25
\eqnshift@=\dimen159
\alignsep@=\dimen160
\tagshift@=\dimen161
\tagwidth@=\dimen162
\totwidth@=\dimen163
\lineht@=\dimen164
\@envbody=\toks26
\multlinegap=\skip53
\multlinetaggap=\skip54
\mathdisplay@stack=\toks27
LaTeX Info: Redefining \[ on input line 2953.
LaTeX Info: Redefining \] on input line 2954.
) (/usr/share/texmf-dist/tex/latex/caption/subcaption.sty
Package: subcaption 2023/07/28 v1.6b Sub-captions (AR)
 (/usr/share/texmf-dist/tex/latex/caption/caption.sty
Package: caption 2023/08/05 v3.6o Customizing captions (AR)
 (/usr/share/texmf-dist/tex/latex/caption/caption3.sty
Package: caption3 2023/07/31 v2.4d caption3 kernel (AR)
\caption@tempdima=\dimen165
\captionmargin=\dimen166
\caption@leftmargin=\dimen167
\caption@rightmargin=\dimen168
\caption@width=\dimen169
\caption@indent=\dimen170
\caption@parindent=\dimen171
\caption@hangindent=\dimen172
Package caption Info: Standard document class detected.
)
\c@caption@flags=\count298
\c@continuedfloat=\count299
Package caption Info: hyperref package is loaded.
)
Package caption Info: New subtype `subfigure' on input line 238.
\c@subfigure=\count300
Package caption Info: New subtype `subtable' on input line 238.
\c@subtable=\count301
) (/usr/share/texmf-dist/tex/latex/algorithms/algorithm.sty
Package: algorithm 2009/08/24 v0.1 Document Style `algorithm' - floating environment
 (/usr/share/texmf-dist/tex/latex/float/float.sty
Package: float 2001/11/08 v1.3d Float enhancements (AL)
\c@float@type=\count302
\float@exts=\toks28
\float@box=\box54
\@float@everytoks=\toks29
\@floatcapt=\box55
) (/usr/share/texmf-dist/tex/latex/base/ifthen.sty
Package: ifthen 2024/03/16 v1.1e Standard LaTeX ifthen package (DPC)
)
\@float@every@algorithm=\toks30
\c@algorithm=\count303
) (/usr/share/texmf-dist/tex/latex/algorithmicx/algpseudocode.sty
Package: algpseudocode 
 (/usr/share/texmf-dist/tex/latex/algorithmicx/algorithmicx.sty
Package: algorithmicx 2005/04/27 v1.2 Algorithmicx

Document Style algorithmicx 1.2 - a greatly improved `algorithmic' style
\c@ALG@line=\count304
\c@ALG@rem=\count305
\c@ALG@nested=\count306
\ALG@tlm=\skip55
\ALG@thistlm=\skip56
\c@ALG@Lnr=\count307
\c@ALG@blocknr=\count308
\c@ALG@storecount=\count309
\c@ALG@tmpcounter=\count310
\ALG@tmplength=\skip57
)
Document Style - pseudocode environments for use with the `algorithmicx' style
) (/usr/share/texmf-dist/tex/latex/multirow/multirow.sty
Package: multirow 2024/11/12 v2.9 Span multiple rows of a table
\multirow@colwidth=\skip58
\multirow@cntb=\count311
\multirow@dima=\skip59
\bigstrutjot=\dimen173
) (/usr/share/texmf-dist/tex/latex/adjustbox/adjustbox.sty
Package: adjustbox 2025/02/26 v1.3c Adjusting TeX boxes (trim, clip, ...)
 (/usr/share/texmf-dist/tex/latex/adjustbox/adjcalc.sty
Package: adjcalc 2012/05/16 v1.1 Provides advanced setlength with multiple back-ends (calc, etex, pgfmath)
) (/usr/share/texmf-dist/tex/latex/adjustbox/trimclip.sty
Package: trimclip 2025/02/21 v1.2a Trim and clip general TeX material
 (/usr/share/texmf-dist/tex/latex/collectbox/collectbox.sty
Package: collectbox 2022/10/17 v0.4c Collect macro arguments as boxes
\collectedbox=\box56
)
\tc@llx=\dimen174
\tc@lly=\dimen175
\tc@urx=\dimen176
\tc@ury=\dimen177
Package trimclip Info: Using driver 'tc-pdftex.def'.
 (/usr/share/texmf-dist/tex/latex/adjustbox/tc-pdftex.def
File: tc-pdftex.def 2025/02/26 v2.3 Clipping driver for pdftex
))
\adjbox@Width=\dimen178
\adjbox@Height=\dimen179
\adjbox@Depth=\dimen180
\adjbox@Totalheight=\dimen181
\adjbox@pwidth=\dimen182
\adjbox@pheight=\dimen183
\adjbox@pdepth=\dimen184
\adjbox@ptotalheight=\dimen185
 (/usr/share/texmf-dist/tex/latex/ifoddpage/ifoddpage.sty
Package: ifoddpage 2022/10/18 v1.2 Conditionals for odd/even page detection
\c@checkoddpage=\count312
) (/usr/share/texmf-dist/tex/latex/varwidth/varwidth.sty
Package: varwidth 2009/03/30 ver 0.92;  Variable-width minipages
\@vwid@box=\box57
\sift@deathcycles=\count313
\@vwid@loff=\dimen186
\@vwid@roff=\dimen187
)) (/usr/share/texmf-dist/tex/latex/stmaryrd/stmaryrd.sty
Package: stmaryrd 1994/03/03 St Mary's Road symbol package
\symstmry=\mathgroup6
LaTeX Font Info:    Overwriting symbol font `stmry' in version `bold'
(Font)                  U/stmry/m/n --> U/stmry/b/n on input line 89.
) (/usr/share/texmf-dist/tex/latex/booktabs/booktabs.sty
Package: booktabs 2020/01/12 v1.61803398 Publication quality tables
\heavyrulewidth=\dimen188
\lightrulewidth=\dimen189
\cmidrulewidth=\dimen190
\belowrulesep=\dimen191
\belowbottomsep=\dimen192
\aboverulesep=\dimen193
\abovetopsep=\dimen194
\cmidrulesep=\dimen195
\cmidrulekern=\dimen196
\defaultaddspace=\dimen197
\@cmidla=\count314
\@cmidlb=\count315
\@aboverulesep=\dimen198
\@belowrulesep=\dimen199
\@thisruleclass=\count316
\@lastruleclass=\count317
\@thisrulewidth=\dimen256
) (/usr/share/texmf-dist/tex/latex/tcolorbox/tcolorbox.sty
Package: tcolorbox 2024/10/22 version 6.4.1 text color boxes
 (/usr/share/texmf-dist/tex/latex/pgf/frontendlayer/tikz.sty (/usr/share/texmf-dist/tex/latex/pgf/basiclayer/pgf.sty (/usr/share/texmf-dist/tex/latex/pgf/utilities/pgfrcs.sty (/usr/share/texmf-dist/tex/generic/pgf/utilities/pgfutil-common.tex
\pgfutil@everybye=\toks31
\pgfutil@tempdima=\dimen257
\pgfutil@tempdimb=\dimen258
) (/usr/share/texmf-dist/tex/generic/pgf/utilities/pgfutil-latex.def
\pgfutil@abb=\box58
) (/usr/share/texmf-dist/tex/generic/pgf/utilities/pgfrcs.code.tex (/usr/share/texmf-dist/tex/generic/pgf/pgf.revision.tex)
Package: pgfrcs 2023-01-15 v3.1.10 (3.1.10)
))
Package: pgf 2023-01-15 v3.1.10 (3.1.10)
 (/usr/share/texmf-dist/tex/latex/pgf/basiclayer/pgfcore.sty (/usr/share/texmf-dist/tex/latex/pgf/systemlayer/pgfsys.sty (/usr/share/texmf-dist/tex/generic/pgf/systemlayer/pgfsys.code.tex
Package: pgfsys 2023-01-15 v3.1.10 (3.1.10)
 (/usr/share/texmf-dist/tex/generic/pgf/utilities/pgfkeys.code.tex
\pgfkeys@pathtoks=\toks32
\pgfkeys@temptoks=\toks33
 (/usr/share/texmf-dist/tex/generic/pgf/utilities/pgfkeyslibraryfiltered.code.tex
\pgfkeys@tmptoks=\toks34
))
\pgf@x=\dimen259
\pgf@y=\dimen260
\pgf@xa=\dimen261
\pgf@ya=\dimen262
\pgf@xb=\dimen263
\pgf@yb=\dimen264
\pgf@xc=\dimen265
\pgf@yc=\dimen266
\pgf@xd=\dimen267
\pgf@yd=\dimen268
\w@pgf@writea=\write3
\r@pgf@reada=\read2
\c@pgf@counta=\count318
\c@pgf@countb=\count319
\c@pgf@countc=\count320
\c@pgf@countd=\count321
\t@pgf@toka=\toks35
\t@pgf@tokb=\toks36
\t@pgf@tokc=\toks37
\pgf@sys@id@count=\count322
 (/usr/share/texmf-dist/tex/generic/pgf/systemlayer/pgf.cfg
File: pgf.cfg 2023-01-15 v3.1.10 (3.1.10)
)
Driver file for pgf: pgfsys-pdftex.def
 (/usr/share/texmf-dist/tex/generic/pgf/systemlayer/pgfsys-pdftex.def
File: pgfsys-pdftex.def 2023-01-15 v3.1.10 (3.1.10)
 (/usr/share/texmf-dist/tex/generic/pgf/systemlayer/pgfsys-common-pdf.def
File: pgfsys-common-pdf.def 2023-01-15 v3.1.10 (3.1.10)
))) (/usr/share/texmf-dist/tex/generic/pgf/systemlayer/pgfsyssoftpath.code.tex
File: pgfsyssoftpath.code.tex 2023-01-15 v3.1.10 (3.1.10)
\pgfsyssoftpath@smallbuffer@items=\count323
\pgfsyssoftpath@bigbuffer@items=\count324
) (/usr/share/texmf-dist/tex/generic/pgf/systemlayer/pgfsysprotocol.code.tex
File: pgfsysprotocol.code.tex 2023-01-15 v3.1.10 (3.1.10)
)) (/usr/share/texmf-dist/tex/latex/xcolor/xcolor.sty
Package: xcolor 2024/09/29 v3.02 LaTeX color extensions (UK)
 (/usr/share/texmf-dist/tex/latex/graphics-cfg/color.cfg
File: color.cfg 2016/01/02 v1.6 sample color configuration
)
Package xcolor Info: Driver file: pdftex.def on input line 274.
 (/usr/share/texmf-dist/tex/latex/graphics/mathcolor.ltx)
Package xcolor Info: Model `cmy' substituted by `cmy0' on input line 1349.
Package xcolor Info: Model `hsb' substituted by `rgb' on input line 1353.
Package xcolor Info: Model `RGB' extended on input line 1365.
Package xcolor Info: Model `HTML' substituted by `rgb' on input line 1367.
Package xcolor Info: Model `Hsb' substituted by `hsb' on input line 1368.
Package xcolor Info: Model `tHsb' substituted by `hsb' on input line 1369.
Package xcolor Info: Model `HSB' substituted by `hsb' on input line 1370.
Package xcolor Info: Model `Gray' substituted by `gray' on input line 1371.
Package xcolor Info: Model `wave' substituted by `hsb' on input line 1372.
) (/usr/share/texmf-dist/tex/generic/pgf/basiclayer/pgfcore.code.tex
Package: pgfcore 2023-01-15 v3.1.10 (3.1.10)
 (/usr/share/texmf-dist/tex/generic/pgf/math/pgfmath.code.tex (/usr/share/texmf-dist/tex/generic/pgf/math/pgfmathutil.code.tex) (/usr/share/texmf-dist/tex/generic/pgf/math/pgfmathparser.code.tex
\pgfmath@dimen=\dimen269
\pgfmath@count=\count325
\pgfmath@box=\box59
\pgfmath@toks=\toks38
\pgfmath@stack@operand=\toks39
\pgfmath@stack@operation=\toks40
) (/usr/share/texmf-dist/tex/generic/pgf/math/pgfmathfunctions.code.tex) (/usr/share/texmf-dist/tex/generic/pgf/math/pgfmathfunctions.basic.code.tex) (/usr/share/texmf-dist/tex/generic/pgf/math/pgfmathfunctions.trigonometric.code.tex) (/usr/share/texmf-dist/tex/generic/pgf/math/pgfmathfunctions.random.code.tex) (/usr/share/texmf-dist/tex/generic/pgf/math/pgfmathfunctions.comparison.code.tex) (/usr/share/texmf-dist/tex/generic/pgf/math/pgfmathfunctions.base.code.tex) (/usr/share/texmf-dist/tex/generic/pgf/math/pgfmathfunctions.round.code.tex) (/usr/share/texmf-dist/tex/generic/pgf/math/pgfmathfunctions.misc.code.tex) (/usr/share/texmf-dist/tex/generic/pgf/math/pgfmathfunctions.integerarithmetics.code.tex) (/usr/share/texmf-dist/tex/generic/pgf/math/pgfmathcalc.code.tex) (/usr/share/texmf-dist/tex/generic/pgf/math/pgfmathfloat.code.tex
\c@pgfmathroundto@lastzeros=\count326
)) (/usr/share/texmf-dist/tex/generic/pgf/math/pgfint.code.tex) (/usr/share/texmf-dist/tex/generic/pgf/basiclayer/pgfcorepoints.code.tex
File: pgfcorepoints.code.tex 2023-01-15 v3.1.10 (3.1.10)
\pgf@picminx=\dimen270
\pgf@picmaxx=\dimen271
\pgf@picminy=\dimen272
\pgf@picmaxy=\dimen273
\pgf@pathminx=\dimen274
\pgf@pathmaxx=\dimen275
\pgf@pathminy=\dimen276
\pgf@pathmaxy=\dimen277
\pgf@xx=\dimen278
\pgf@xy=\dimen279
\pgf@yx=\dimen280
\pgf@yy=\dimen281
\pgf@zx=\dimen282
\pgf@zy=\dimen283
) (/usr/share/texmf-dist/tex/generic/pgf/basiclayer/pgfcorepathconstruct.code.tex
File: pgfcorepathconstruct.code.tex 2023-01-15 v3.1.10 (3.1.10)
\pgf@path@lastx=\dimen284
\pgf@path@lasty=\dimen285
) (/usr/share/texmf-dist/tex/generic/pgf/basiclayer/pgfcorepathusage.code.tex
File: pgfcorepathusage.code.tex 2023-01-15 v3.1.10 (3.1.10)
\pgf@shorten@end@additional=\dimen286
\pgf@shorten@start@additional=\dimen287
) (/usr/share/texmf-dist/tex/generic/pgf/basiclayer/pgfcorescopes.code.tex
File: pgfcorescopes.code.tex 2023-01-15 v3.1.10 (3.1.10)
\pgfpic=\box60
\pgf@hbox=\box61
\pgf@layerbox@main=\box62
\pgf@picture@serial@count=\count327
) (/usr/share/texmf-dist/tex/generic/pgf/basiclayer/pgfcoregraphicstate.code.tex
File: pgfcoregraphicstate.code.tex 2023-01-15 v3.1.10 (3.1.10)
\pgflinewidth=\dimen288
) (/usr/share/texmf-dist/tex/generic/pgf/basiclayer/pgfcoretransformations.code.tex
File: pgfcoretransformations.code.tex 2023-01-15 v3.1.10 (3.1.10)
\pgf@pt@x=\dimen289
\pgf@pt@y=\dimen290
\pgf@pt@temp=\dimen291
) (/usr/share/texmf-dist/tex/generic/pgf/basiclayer/pgfcorequick.code.tex
File: pgfcorequick.code.tex 2023-01-15 v3.1.10 (3.1.10)
) (/usr/share/texmf-dist/tex/generic/pgf/basiclayer/pgfcoreobjects.code.tex
File: pgfcoreobjects.code.tex 2023-01-15 v3.1.10 (3.1.10)
) (/usr/share/texmf-dist/tex/generic/pgf/basiclayer/pgfcorepathprocessing.code.tex
File: pgfcorepathprocessing.code.tex 2023-01-15 v3.1.10 (3.1.10)
) (/usr/share/texmf-dist/tex/generic/pgf/basiclayer/pgfcorearrows.code.tex
File: pgfcorearrows.code.tex 2023-01-15 v3.1.10 (3.1.10)
\pgfarrowsep=\dimen292
) (/usr/share/texmf-dist/tex/generic/pgf/basiclayer/pgfcoreshade.code.tex
File: pgfcoreshade.code.tex 2023-01-15 v3.1.10 (3.1.10)
\pgf@max=\dimen293
\pgf@sys@shading@range@num=\count328
\pgf@shadingcount=\count329
) (/usr/share/texmf-dist/tex/generic/pgf/basiclayer/pgfcoreimage.code.tex
File: pgfcoreimage.code.tex 2023-01-15 v3.1.10 (3.1.10)
) (/usr/share/texmf-dist/tex/generic/pgf/basiclayer/pgfcoreexternal.code.tex
File: pgfcoreexternal.code.tex 2023-01-15 v3.1.10 (3.1.10)
\pgfexternal@startupbox=\box63
) (/usr/share/texmf-dist/tex/generic/pgf/basiclayer/pgfcorelayers.code.tex
File: pgfcorelayers.code.tex 2023-01-15 v3.1.10 (3.1.10)
) (/usr/share/texmf-dist/tex/generic/pgf/basiclayer/pgfcoretransparency.code.tex
File: pgfcoretransparency.code.tex 2023-01-15 v3.1.10 (3.1.10)
) (/usr/share/texmf-dist/tex/generic/pgf/basiclayer/pgfcorepatterns.code.tex
File: pgfcorepatterns.code.tex 2023-01-15 v3.1.10 (3.1.10)
) (/usr/share/texmf-dist/tex/generic/pgf/basiclayer/pgfcorerdf.code.tex
File: pgfcorerdf.code.tex 2023-01-15 v3.1.10 (3.1.10)
))) (/usr/share/texmf-dist/tex/generic/pgf/modules/pgfmoduleshapes.code.tex
File: pgfmoduleshapes.code.tex 2023-01-15 v3.1.10 (3.1.10)
\pgfnodeparttextbox=\box64
) (/usr/share/texmf-dist/tex/generic/pgf/modules/pgfmoduleplot.code.tex
File: pgfmoduleplot.code.tex 2023-01-15 v3.1.10 (3.1.10)
) (/usr/share/texmf-dist/tex/latex/pgf/compatibility/pgfcomp-version-0-65.sty
Package: pgfcomp-version-0-65 2023-01-15 v3.1.10 (3.1.10)
\pgf@nodesepstart=\dimen294
\pgf@nodesepend=\dimen295
) (/usr/share/texmf-dist/tex/latex/pgf/compatibility/pgfcomp-version-1-18.sty
Package: pgfcomp-version-1-18 2023-01-15 v3.1.10 (3.1.10)
)) (/usr/share/texmf-dist/tex/latex/pgf/utilities/pgffor.sty (/usr/share/texmf-dist/tex/latex/pgf/utilities/pgfkeys.sty (/usr/share/texmf-dist/tex/generic/pgf/utilities/pgfkeys.code.tex)) (/usr/share/texmf-dist/tex/latex/pgf/math/pgfmath.sty (/usr/share/texmf-dist/tex/generic/pgf/math/pgfmath.code.tex)) (/usr/share/texmf-dist/tex/generic/pgf/utilities/pgffor.code.tex
Package: pgffor 2023-01-15 v3.1.10 (3.1.10)
\pgffor@iter=\dimen296
\pgffor@skip=\dimen297
\pgffor@stack=\toks41
\pgffor@toks=\toks42
)) (/usr/share/texmf-dist/tex/generic/pgf/frontendlayer/tikz/tikz.code.tex
Package: tikz 2023-01-15 v3.1.10 (3.1.10)
 (/usr/share/texmf-dist/tex/generic/pgf/libraries/pgflibraryplothandlers.code.tex
File: pgflibraryplothandlers.code.tex 2023-01-15 v3.1.10 (3.1.10)
\pgf@plot@mark@count=\count330
\pgfplotmarksize=\dimen298
)
\tikz@lastx=\dimen299
\tikz@lasty=\dimen300
\tikz@lastxsaved=\dimen301
\tikz@lastysaved=\dimen302
\tikz@lastmovetox=\dimen303
\tikz@lastmovetoy=\dimen304
\tikzleveldistance=\dimen305
\tikzsiblingdistance=\dimen306
\tikz@figbox=\box65
\tikz@figbox@bg=\box66
\tikz@tempbox=\box67
\tikz@tempbox@bg=\box68
\tikztreelevel=\count331
\tikznumberofchildren=\count332
\tikznumberofcurrentchild=\count333
\tikz@fig@count=\count334
 (/usr/share/texmf-dist/tex/generic/pgf/modules/pgfmodulematrix.code.tex
File: pgfmodulematrix.code.tex 2023-01-15 v3.1.10 (3.1.10)
\pgfmatrixcurrentrow=\count335
\pgfmatrixcurrentcolumn=\count336
\pgf@matrix@numberofcolumns=\count337
)
\tikz@expandcount=\count338
 (/usr/share/texmf-dist/tex/generic/pgf/frontendlayer/tikz/libraries/tikzlibrarytopaths.code.tex
File: tikzlibrarytopaths.code.tex 2023-01-15 v3.1.10 (3.1.10)
))) (/usr/share/texmf-dist/tex/latex/tools/verbatim.sty
Package: verbatim 2024-01-22 v1.5x LaTeX2e package for verbatim enhancements
\every@verbatim=\toks43
\verbatim@line=\toks44
\verbatim@in@stream=\read3
) (/usr/share/texmf-dist/tex/latex/environ/environ.sty
Package: environ 2014/05/04 v0.3 A new way to define environments
 (/usr/share/texmf-dist/tex/latex/trimspaces/trimspaces.sty
Package: trimspaces 2009/09/17 v1.1 Trim spaces around a token list
))
\tcb@titlebox=\box69
\tcb@upperbox=\box70
\tcb@lowerbox=\box71
\tcb@phantombox=\box72
\c@tcbbreakpart=\count339
\c@tcblayer=\count340
\c@tcolorbox@number=\count341
\l__tcobox_tmpa_box=\box73
\l__tcobox_tmpa_dim=\dimen307
\tcb@temp=\box74
\tcb@temp=\box75
\tcb@temp=\box76
\tcb@temp=\box77
 (/usr/share/texmf-dist/tex/latex/tcolorbox/tcbraster.code.tex
Library (tcolorbox): 'tcbraster.code.tex' version '6.4.1'
\c@tcbrastercolumn=\count342
\c@tcbrasterrow=\count343
\c@tcbrasternum=\count344
\c@tcbraster=\count345
) (/usr/share/texmf-dist/tex/latex/tcolorbox/tcbskins.code.tex
Library (tcolorbox): 'tcbskins.code.tex' version '6.4.1'
(/usr/share/texmf-dist/tex/latex/tikzfill/tikzfill.image.sty
Package: tikzfill.image 2023/08/08 v1.0.1 Image filling library for TikZ
 (/usr/share/texmf-dist/tex/latex/tikzfill/tikzfill-common.sty
Package: tikzfill-common 2023/08/08 v1.0.1 Auxiliary code for tikzfill
) (/usr/share/texmf-dist/tex/latex/tikzfill/tikzlibraryfill.image.code.tex
File: tikzlibraryfill.image.code.tex 2023/08/08 v1.0.1 Image filling library
\l__tikzfill_img_box=\box78
)) (/usr/share/texmf-dist/tex/latex/tcolorbox/tcbskinsjigsaw.code.tex
Library (tcolorbox): 'tcbskinsjigsaw.code.tex' version '6.4.1'
)) (/usr/share/texmf-dist/tex/latex/tcolorbox/tcbbreakable.code.tex
Library (tcolorbox): 'tcbbreakable.code.tex' version '6.4.1'
(/usr/share/texmf-dist/tex/latex/pdfcol/pdfcol.sty
Package: pdfcol 2022-09-21 v1.7 Handle new color stacks for pdfTeX (HO)
)
Package pdfcol Info: New color stack `tcb@breakable' = 1 on input line 23.
\tcb@testbox=\box79
\tcb@totalupperbox=\box80
\tcb@totallowerbox=\box81
) (/usr/share/texmf-dist/tex/latex/tcolorbox/tcbhooks.code.tex
Library (tcolorbox): 'tcbhooks.code.tex' version '6.4.1'
) (/usr/share/texmf-dist/tex/latex/tcolorbox/tcbtheorems.code.tex
Library (tcolorbox): 'tcbtheorems.code.tex' version '6.4.1'
) (/usr/share/texmf-dist/tex/latex/tcolorbox/tcbfitting.code.tex
Library (tcolorbox): 'tcbfitting.code.tex' version '6.4.1'
\tcbfitdim=\dimen308
\tcb@lowerfitdim=\dimen309
\tcb@upperfitdim=\dimen310
\tcb@cur@hbadness=\count346
) (/usr/share/texmf-dist/tex/latex/tcolorbox/tcblistingsutf8.code.tex
Library (tcolorbox): 'tcblistingsutf8.code.tex' version '6.4.1'
(/usr/share/texmf-dist/tex/latex/tcolorbox/tcblistings.code.tex
Library (tcolorbox): 'tcblistings.code.tex' version '6.4.1'
(/usr/share/texmf-dist/tex/latex/listings/listings.sty
\lst@mode=\count347
\lst@gtempboxa=\box82
\lst@token=\toks45
\lst@length=\count348
\lst@currlwidth=\dimen311
\lst@column=\count349
\lst@pos=\count350
\lst@lostspace=\dimen312
\lst@width=\dimen313
\lst@newlines=\count351
\lst@lineno=\count352
\lst@maxwidth=\dimen314
 (/usr/share/texmf-dist/tex/latex/listings/lstpatch.sty
File: lstpatch.sty 2024/09/23 1.10c (Carsten Heinz)
) (/usr/share/texmf-dist/tex/latex/listings/lstmisc.sty
File: lstmisc.sty 2024/09/23 1.10c (Carsten Heinz)
\c@lstnumber=\count353
\lst@skipnumbers=\count354
\lst@framebox=\box83
) (/usr/share/texmf-dist/tex/latex/listings/listings.cfg
File: listings.cfg 2024/09/23 1.10c listings configuration
))
Package: listings 2024/09/23 1.10c (Carsten Heinz)
 (/usr/share/texmf-dist/tex/latex/tcolorbox/tcblistingscore.code.tex
Library (tcolorbox): 'tcblistingscore.code.tex' version '6.4.1'
(/usr/share/texmf-dist/tex/latex/tcolorbox/tcbprocessing.code.tex
Library (tcolorbox): 'tcbprocessing.code.tex' version '6.4.1'
)
\c@tcblisting=\count355
)) (/usr/share/texmf-dist/tex/latex/listingsutf8/listingsutf8.sty
Package: listingsutf8 2019-12-10 v1.5 Allow UTF-8 in listings input (HO)
)) (/usr/share/texmf-dist/tex/latex/tcolorbox/tcbexternal.code.tex
Library (tcolorbox): 'tcbexternal.code.tex' version '6.4.1'
) (/usr/share/texmf-dist/tex/latex/tcolorbox/tcbmagazine.code.tex
Library (tcolorbox): 'tcbmagazine.code.tex' version '6.4.1'
) (/usr/share/texmf-dist/tex/latex/tcolorbox/tcbvignette.code.tex
Library (tcolorbox): 'tcbvignette.code.tex' version '6.4.1'
(/usr/share/texmf-dist/tex/generic/pgf/frontendlayer/tikz/libraries/tikzlibraryfadings.code.tex
File: tikzlibraryfadings.code.tex 2023-01-15 v3.1.10 (3.1.10)
 (/usr/share/texmf-dist/tex/generic/pgf/libraries/pgflibraryfadings.code.tex
File: pgflibraryfadings.code.tex 2023-01-15 v3.1.10 (3.1.10)
))) (/usr/share/texmf-dist/tex/latex/tcolorbox/tcbposter.code.tex
Library (tcolorbox): 'tcbposter.code.tex' version '6.4.1'
)) (/usr/share/texmf-dist/tex/latex/colortbl/colortbl.sty
Package: colortbl 2024/07/06 v1.0i Color table columns (DPC)
 (/usr/share/texmf-dist/tex/latex/tools/array.sty
Package: array 2024/10/17 v2.6g Tabular extension package (FMi)
\col@sep=\dimen315
\ar@mcellbox=\box84
\extrarowheight=\dimen316
\NC@list=\toks46
\extratabsurround=\skip60
\backup@length=\skip61
\ar@cellbox=\box85
)
\everycr=\toks47
\minrowclearance=\skip62
\rownum=\count356
) (/usr/share/texmf-dist/tex/latex/wrapfig/wrapfig.sty
\wrapoverhang=\dimen317
\WF@size=\dimen318
\c@WF@wrappedlines=\count357
\WF@box=\box86
\WF@everypar=\toks48
Package: wrapfig 2003/01/31  v 3.6
) (/usr/share/texmf-dist/tex/latex/biblatex/biblatex.sty
Package: biblatex 2024/03/21 v3.20 programmable bibliographies (PK/MW)
 (/usr/share/texmf-dist/tex/latex/logreq/logreq.sty
Package: logreq 2010/08/04 v1.0 xml request logger
\lrq@indent=\count358
 (/usr/share/texmf-dist/tex/latex/logreq/logreq.def
File: logreq.def 2010/08/04 v1.0 logreq spec v1.0
))
\c@tabx@nest=\count359
\c@listtotal=\count360
\c@listcount=\count361
\c@liststart=\count362
\c@liststop=\count363
\c@citecount=\count364
\c@citetotal=\count365
\c@multicitecount=\count366
\c@multicitetotal=\count367
\c@instcount=\count368
\c@maxnames=\count369
\c@minnames=\count370
\c@maxitems=\count371
\c@minitems=\count372
\c@citecounter=\count373
\c@maxcitecounter=\count374
\c@savedcitecounter=\count375
\c@uniquelist=\count376
\c@uniquename=\count377
\c@refsection=\count378
\c@refsegment=\count379
\c@maxextratitle=\count380
\c@maxextratitleyear=\count381
\c@maxextraname=\count382
\c@maxextradate=\count383
\c@maxextraalpha=\count384
\c@abbrvpenalty=\count385
\c@highnamepenalty=\count386
\c@lownamepenalty=\count387
\c@maxparens=\count388
\c@parenlevel=\count389
\blx@tempcnta=\count390
\blx@tempcntb=\count391
\blx@tempcntc=\count392
\c@blx@maxsection=\count393
\blx@maxsegment@0=\count394
\blx@notetype=\count395
\blx@parenlevel@text=\count396
\blx@parenlevel@foot=\count397
\blx@sectionciteorder@0=\count398
\blx@sectionciteorderinternal@0=\count399
\blx@entrysetcounter=\count400
\blx@biblioinstance=\count401
\labelnumberwidth=\skip63
\labelalphawidth=\skip64
\biblabelsep=\skip65
\bibitemsep=\skip66
\bibnamesep=\skip67
\bibinitsep=\skip68
\bibparsep=\skip69
\bibhang=\skip70
\blx@bcfin=\read4
\blx@bcfout=\write4
\blx@langwohyphens=\language90
\c@mincomprange=\count402
\c@maxcomprange=\count403
\c@mincompwidth=\count404
Package biblatex Info: Trying to load biblatex default data model...
Package biblatex Info: ... file 'blx-dm.def' found.
 (/usr/share/texmf-dist/tex/latex/biblatex/blx-dm.def
File: blx-dm.def 2024/03/21 v3.20 biblatex datamodel (PK/MW)
)
Package biblatex Info: Trying to load biblatex style data model...
Package biblatex Info: ... file 'numeric.dbx' not found.
Package biblatex Info: Trying to load biblatex custom data model...
Package biblatex Info: ... file 'biblatex-dm.cfg' not found.
\c@afterword=\count405
\c@savedafterword=\count406
\c@annotator=\count407
\c@savedannotator=\count408
\c@author=\count409
\c@savedauthor=\count410
\c@bookauthor=\count411
\c@savedbookauthor=\count412
\c@commentator=\count413
\c@savedcommentator=\count414
\c@editor=\count415
\c@savededitor=\count416
\c@editora=\count417
\c@savededitora=\count418
\c@editorb=\count419
\c@savededitorb=\count420
\c@editorc=\count421
\c@savededitorc=\count422
\c@foreword=\count423
\c@savedforeword=\count424
\c@holder=\count425
\c@savedholder=\count426
\c@introduction=\count427
\c@savedintroduction=\count428
\c@namea=\count429
\c@savednamea=\count430
\c@nameb=\count431
\c@savednameb=\count432
\c@namec=\count433
\c@savednamec=\count434
\c@translator=\count435
\c@savedtranslator=\count436
\c@shortauthor=\count437
\c@savedshortauthor=\count438
\c@shorteditor=\count439
\c@savedshorteditor=\count440
\c@labelname=\count441
\c@savedlabelname=\count442
\c@institution=\count443
\c@savedinstitution=\count444
\c@lista=\count445
\c@savedlista=\count446
\c@listb=\count447
\c@savedlistb=\count448
\c@listc=\count449
\c@savedlistc=\count450
\c@listd=\count451
\c@savedlistd=\count452
\c@liste=\count453
\c@savedliste=\count454
\c@listf=\count455
\c@savedlistf=\count456
\c@location=\count457
\c@savedlocation=\count458
\c@organization=\count459
\c@savedorganization=\count460
\c@origlocation=\count461
\c@savedoriglocation=\count462
\c@origpublisher=\count463
\c@savedorigpublisher=\count464
\c@publisher=\count465
\c@savedpublisher=\count466
\c@language=\count467
\c@savedlanguage=\count468
\c@origlanguage=\count469
\c@savedoriglanguage=\count470
\c@pageref=\count471
\c@savedpageref=\count472
\shorthandwidth=\skip71
\shortjournalwidth=\skip72
\shortserieswidth=\skip73
\shorttitlewidth=\skip74
\shortauthorwidth=\skip75
\shorteditorwidth=\skip76
\locallabelnumberwidth=\skip77
\locallabelalphawidth=\skip78
\localshorthandwidth=\skip79
\localshortjournalwidth=\skip80
\localshortserieswidth=\skip81
\localshorttitlewidth=\skip82
\localshortauthorwidth=\skip83
\localshorteditorwidth=\skip84
Package biblatex Info: Trying to load compatibility code...
Package biblatex Info: ... file 'blx-compat.def' found.
 (/usr/share/texmf-dist/tex/latex/biblatex/blx-compat.def
File: blx-compat.def 2024/03/21 v3.20 biblatex compatibility (PK/MW)
)
Package biblatex Info: Trying to load BibTeX backend compatibility...
Package biblatex Info: ... file 'blx-bibtex.def' found.
 (/usr/share/texmf-dist/tex/latex/biblatex/blx-bibtex.def
File: blx-bibtex.def 2024/03/21 v3.20 biblatex compatibility (PK/MW)


Package biblatex Warning: Using fall-back bibtex backend:
(biblatex)                functionality may be reduced/unavailable.

)
Package biblatex Info: Trying to load generic definitions...
Package biblatex Info: ... file 'biblatex.def' found.
 (/usr/share/texmf-dist/tex/latex/biblatex/biblatex.def
File: biblatex.def 2024/03/21 v3.20 biblatex compatibility (PK/MW)
\c@textcitecount=\count473
\c@textcitetotal=\count474
\c@textcitemaxnames=\count475
\c@biburlbigbreakpenalty=\count476
\c@biburlbreakpenalty=\count477
\c@biburlnumpenalty=\count478
\c@biburlucpenalty=\count479
\c@biburllcpenalty=\count480
\biburlbigskip=\muskip19
\biburlnumskip=\muskip20
\biburlucskip=\muskip21
\biburllcskip=\muskip22
\c@smartand=\count481
)
Package biblatex Info: Trying to load bibliography style 'numeric'...
Package biblatex Info: ... file 'numeric.bbx' found.
 (/usr/share/texmf-dist/tex/latex/biblatex/bbx/numeric.bbx
File: numeric.bbx 2024/03/21 v3.20 biblatex bibliography style (PK/MW)
Package biblatex Info: Trying to load bibliography style 'standard'...
Package biblatex Info: ... file 'standard.bbx' found.
 (/usr/share/texmf-dist/tex/latex/biblatex/bbx/standard.bbx
File: standard.bbx 2024/03/21 v3.20 biblatex bibliography style (PK/MW)
\c@bbx:relatedcount=\count482
\c@bbx:relatedtotal=\count483
))
Package biblatex Info: Trying to load citation style 'numeric'...
Package biblatex Info: ... file 'numeric.cbx' found.
 (/usr/share/texmf-dist/tex/latex/biblatex/cbx/numeric.cbx
File: numeric.cbx 2024/03/21 v3.20 biblatex citation style (PK/MW)
Package biblatex Info: Redefining '\cite'.
Package biblatex Info: Redefining '\parencite'.
Package biblatex Info: Redefining '\footcite'.
Package biblatex Info: Redefining '\footcitetext'.
Package biblatex Info: Redefining '\smartcite'.
Package biblatex Info: Redefining '\supercite'.
Package biblatex Info: Redefining '\textcite'.
Package biblatex Info: Redefining '\textcites'.
Package biblatex Info: Redefining '\cites'.
Package biblatex Info: Redefining '\parencites'.
Package biblatex Info: Redefining '\smartcites'.
)
Package biblatex Info: Trying to load configuration file...
Package biblatex Info: ... file 'biblatex.cfg' found.
 (/usr/share/texmf-dist/tex/latex/biblatex/biblatex.cfg
File: biblatex.cfg 
)
Package biblatex Info: Input encoding 'utf8' detected.
Package biblatex Info: Document encoding is UTF8 ....
 (/usr/share/texmf-dist/tex/latex/l3kernel/expl3.sty
Package: expl3 2025-01-18 L3 programming layer (loader) 
 (/usr/share/texmf-dist/tex/latex/l3backend/l3backend-pdftex.def
File: l3backend-pdftex.def 2024-05-08 L3 backend support: PDF output (pdfTeX)
\l__color_backend_stack_int=\count484
\l__pdf_internal_box=\box87
))
Package biblatex Info: ... and expl3
(biblatex)             2025-01-18 L3 programming layer (loader) 
(biblatex)             is new enough (at least 2020/04/06),
(biblatex)             setting 'casechanger=expl3'.
 (/usr/share/texmf-dist/tex/latex/biblatex/blx-case-expl3.sty (/usr/share/texmf-dist/tex/latex/l3packages/xparse/xparse.sty
Package: xparse 2024-08-16 L3 Experimental document command parser
)
Package: blx-case-expl3 2024/03/21 v3.20 expl3 case changing code for biblatex
))
Package hyperref Info: Option `colorlinks' set `true' on input line 35.
 (/usr/share/texmf-dist/tex/latex/titlesec/titlesec.sty
Package: titlesec 2025/01/04 v2.17 Sectioning titles
\ttl@box=\box88
\beforetitleunit=\skip85
\aftertitleunit=\skip86
\ttl@plus=\dimen319
\ttl@minus=\dimen320
\ttl@toksa=\toks49
\titlewidth=\dimen321
\titlewidthlast=\dimen322
\titlewidthfirst=\dimen323
)
\@quotelevel=\count485
\@quotereset=\count486
LaTeX Font Info:    Trying to load font information for T1+LinuxLibertineT-TLF on input line 86.
 (/usr/share/texmf-dist/tex/latex/libertine/T1LinuxLibertineT-TLF.fd
File: T1LinuxLibertineT-TLF.fd 2017/03/20 (autoinst) Font definitions for T1/LinuxLibertineT-TLF.
)
LaTeX Font Info:    Font shape `T1/LinuxLibertineT-TLF/m/n' will be
(Font)              scaled to size 10.95pt on input line 86.
 (./main.aux)
\openout1 = `main.aux'.

LaTeX Font Info:    Checking defaults for OML/cmm/m/it on input line 86.
LaTeX Font Info:    ... okay on input line 86.
LaTeX Font Info:    Checking defaults for OMS/cmsy/m/n on input line 86.
LaTeX Font Info:    ... okay on input line 86.
LaTeX Font Info:    Checking defaults for OT1/cmr/m/n on input line 86.
LaTeX Font Info:    ... okay on input line 86.
LaTeX Font Info:    Checking defaults for T1/cmr/m/n on input line 86.
LaTeX Font Info:    ... okay on input line 86.
LaTeX Font Info:    Checking defaults for TS1/cmr/m/n on input line 86.
LaTeX Font Info:    ... okay on input line 86.
LaTeX Font Info:    Checking defaults for OMX/cmex/m/n on input line 86.
LaTeX Font Info:    ... okay on input line 86.
LaTeX Font Info:    Checking defaults for U/cmr/m/n on input line 86.
LaTeX Font Info:    ... okay on input line 86.
LaTeX Font Info:    Checking defaults for PD1/pdf/m/n on input line 86.
LaTeX Font Info:    ... okay on input line 86.
LaTeX Font Info:    Checking defaults for PU/pdf/m/n on input line 86.
LaTeX Font Info:    ... okay on input line 86.
\c@mv@tabular=\count487
\c@mv@boldtabular=\count488

*geometry* driver: auto-detecting
*geometry* detected driver: pdftex
*geometry* verbose mode - [ preamble ] result:
* driver: pdftex
* paper: a4paper
* layout: <same size as paper>
* layoutoffset:(h,v)=(0.0pt,0.0pt)
* modes: 
* h-part:(L,W,R)=(56.9055pt, 483.69687pt, 56.9055pt)
* v-part:(T,H,B)=(56.9055pt, 731.23584pt, 56.9055pt)
* \paperwidth=597.50787pt
* \paperheight=845.04684pt
* \textwidth=483.69687pt
* \textheight=731.23584pt
* \oddsidemargin=-15.36449pt
* \evensidemargin=-15.36449pt
* \topmargin=-52.36449pt
* \headheight=12.0pt
* \headsep=25.0pt
* \topskip=11.0pt
* \footskip=30.0pt
* \marginparwidth=50.0pt
* \marginparsep=10.0pt
* \columnsep=10.0pt
* \skip\footins=10.0pt plus 4.0pt minus 2.0pt
* \hoffset=0.0pt
* \voffset=0.0pt
* \mag=1000
* \@twocolumnfalse
* \@twosidefalse
* \@mparswitchfalse
* \@reversemarginfalse
* (1in=72.27pt=25.4mm, 1cm=28.453pt)

(/usr/share/texmf-dist/tex/context/base/mkii/supp-pdf.mkii
[Loading MPS to PDF converter (version 2006.09.02).]
\scratchcounter=\count489
\scratchdimen=\dimen324
\scratchbox=\box89
\nofMPsegments=\count490
\nofMParguments=\count491
\everyMPshowfont=\toks50
\MPscratchCnt=\count492
\MPscratchDim=\dimen325
\MPnumerator=\count493
\makeMPintoPDFobject=\count494
\everyMPtoPDFconversion=\toks51
) (/usr/share/texmf-dist/tex/latex/epstopdf-pkg/epstopdf-base.sty
Package: epstopdf-base 2020-01-24 v2.11 Base part for package epstopdf
Package epstopdf-base Info: Redefining graphics rule for `.eps' on input line 485.
 (/usr/share/texmf-dist/tex/latex/latexconfig/epstopdf-sys.cfg
File: epstopdf-sys.cfg 2010/07/13 v1.3 Configuration of (r)epstopdf for TeX Live
))
Package hyperref Info: Link coloring ON on input line 86.
 (./main.out) (./main.out)
\@outlinefile=\write5
\openout5 = `main.out'.

Package caption Info: Begin \AtBeginDocument code.
Package caption Info: float package is loaded.
Package caption Info: listings package is loaded.
Package caption Info: wrapfig package is loaded.
Package caption Info: End \AtBeginDocument code.
\c@lstlisting=\count495
Package biblatex Info: Trying to load language 'english'...
Package biblatex Info: ... file 'english.lbx' found.
 (/usr/share/texmf-dist/tex/latex/biblatex/lbx/english.lbx
File: english.lbx 2024/03/21 v3.20 biblatex localization (PK/MW)
)
Package biblatex Info: Input encoding 'utf8' detected.
Package biblatex Info: Automatic encoding selection.
(biblatex)             Assuming data encoding 'utf8'.
Package biblatex Info: Input encoding 'utf8' detected.
Package biblatex Info: Data encoding 'utf8' specified.
(biblatex)             No need to reencode data.
\openout4 = `main-blx.bib'.

Package biblatex Info: Trying to load bibliographic data...
Package biblatex Info: ... file 'main.bbl' found.
 (./main.bbl)
Package biblatex Info: Reference section=0 on input line 86.
Package biblatex Info: Reference segment=0 on input line 86.
LaTeX Font Info:    Font shape `T1/LinuxLibertineT-TLF/m/n' will be
(Font)              scaled to size 17.28pt on input line 95.
LaTeX Font Info:    Font shape `T1/LinuxLibertineT-TLF/b/n' will be
(Font)              scaled to size 17.28pt on input line 95.
LaTeX Font Info:    Font shape `T1/LinuxLibertineT-TLF/m/n' will be
(Font)              scaled to size 12.0pt on input line 98.
LaTeX Font Info:    Font shape `T1/LinuxLibertineT-TLF/b/n' will be
(Font)              scaled to size 12.0pt on input line 98.
<logos/logo_mva.pdf, id=175, 591.8612pt x 156.585pt>
File: logos/logo_mva.pdf Graphic file (type pdf)
<use logos/logo_mva.pdf>
Package pdftex.def Info: logos/logo_mva.pdf  used on input line 110.
(pdftex.def)             Requested size: 279.62881pt x 73.97733pt.
<logos/logo_tp.pdf, id=176, 164.71948pt x 259.32451pt>
File: logos/logo_tp.pdf Graphic file (type pdf)
<use logos/logo_tp.pdf>
Package pdftex.def Info: logos/logo_tp.pdf  used on input line 111.
(pdftex.def)             Requested size: 46.98827pt x 73.97733pt.


[1

{/var/lib/texmf/fonts/map/pdftex/updmap/pdftex.map}{/usr/share/texmf-dist/fonts/enc/dvips/libertine/lbtn_nh77jq.enc}{/usr/share/texmf-dist/fonts/enc/dvips/libertine/lbtn_76gpa5.enc} <./logos/logo_mva.pdf> <./logos/logo_tp.pdf

pdfTeX warning: pdflatex (file ./logos/logo_tp.pdf): PDF inclusion: multiple pdfs with page group included in a single page
>]
LaTeX Font Info:    Font shape `T1/LinuxLibertineT-TLF/m/n' will be
(Font)              scaled to size 14.4pt on input line 123.
LaTeX Font Info:    Font shape `T1/LinuxLibertineT-TLF/b/n' will be
(Font)              scaled to size 14.4pt on input line 123.
 (./main.toc
LaTeX Font Info:    Font shape `T1/LinuxLibertineT-TLF/b/n' will be
(Font)              scaled to size 10.95pt on input line 1.
LaTeX Font Info:    Trying to load font information for U+msa on input line 2.
 (/usr/share/texmf-dist/tex/latex/amsfonts/umsa.fd
File: umsa.fd 2013/01/14 v3.01 AMS symbols A
)
LaTeX Font Info:    Trying to load font information for U+msb on input line 2.
 (/usr/share/texmf-dist/tex/latex/amsfonts/umsb.fd
File: umsb.fd 2013/01/14 v3.01 AMS symbols B
)
LaTeX Font Info:    Trying to load font information for U+stmry on input line 2.
 (/usr/share/texmf-dist/tex/latex/stmaryrd/Ustmry.fd))
\tf@toc=\write6
\openout6 = `main.toc'.




pdfTeX warning (ext4): destination with the same identifier (name{page.1}) has been already used, duplicate ignored
<to be read again> 
                   \relax 
l.124 \clearpage
                 [1] (./sec/abstract.tex
LaTeX Font Info:    Font shape `T1/LinuxLibertineT-TLF/m/it' will be
(Font)              scaled to size 10.95pt on input line 1.


[2


{/usr/share/texmf-dist/fonts/enc/dvips/libertine/lbtn_7grukw.enc}]) (./sec/introduction.tex
LaTeX Font Info:    Trying to load font information for TS1+LinuxLibertineT-TLF on input line 10.
 (/usr/share/texmf-dist/tex/latex/libertine/TS1LinuxLibertineT-TLF.fd
File: TS1LinuxLibertineT-TLF.fd 2017/03/20 (autoinst) Font definitions for TS1/LinuxLibertineT-TLF.
)
LaTeX Font Info:    Font shape `TS1/LinuxLibertineT-TLF/m/n' will be
(Font)              scaled to size 10.95pt on input line 10.
) (./sec/topogen.tex

Package hyperref Warning: Token not allowed in a PDF string (Unicode):
(hyperref)                removing `math shift' on input line 1.


Package hyperref Warning: Token not allowed in a PDF string (Unicode):
(hyperref)                removing `\@@underline' on input line 1.


Package hyperref Warning: Token not allowed in a PDF string (Unicode):
(hyperref)                removing `\hbox' on input line 1.


Package hyperref Warning: Token not allowed in a PDF string (Unicode):
(hyperref)                removing `\mathsurround' on input line 1.


Package hyperref Warning: Token not allowed in a PDF string (Unicode):
(hyperref)                removing `\z@' on input line 1.


Package hyperref Warning: Token not allowed in a PDF string (Unicode):
(hyperref)                removing `math shift' on input line 1.


Package hyperref Warning: Token not allowed in a PDF string (Unicode):
(hyperref)                removing `math shift' on input line 1.


Package hyperref Warning: Token not allowed in a PDF string (Unicode):
(hyperref)                removing `\@@underline' on input line 1.


Package hyperref Warning: Token not allowed in a PDF string (Unicode):
(hyperref)                removing `\hbox' on input line 1.


Package hyperref Warning: Token not allowed in a PDF string (Unicode):
(hyperref)                removing `\mathsurround' on input line 1.


Package hyperref Warning: Token not allowed in a PDF string (Unicode):
(hyperref)                removing `\z@' on input line 1.


Package hyperref Warning: Token not allowed in a PDF string (Unicode):
(hyperref)                removing `math shift' on input line 1.


Package hyperref Warning: Token not allowed in a PDF string (Unicode):
(hyperref)                removing `math shift' on input line 1.


Package hyperref Warning: Token not allowed in a PDF string (Unicode):
(hyperref)                removing `\@@underline' on input line 1.


Package hyperref Warning: Token not allowed in a PDF string (Unicode):
(hyperref)                removing `\hbox' on input line 1.


Package hyperref Warning: Token not allowed in a PDF string (Unicode):
(hyperref)                removing `\mathsurround' on input line 1.


Package hyperref Warning: Token not allowed in a PDF string (Unicode):
(hyperref)                removing `\z@' on input line 1.


Package hyperref Warning: Token not allowed in a PDF string (Unicode):
(hyperref)                removing `math shift' on input line 1.


Package hyperref Warning: Token not allowed in a PDF string (Unicode):
(hyperref)                removing `math shift' on input line 1.


Package hyperref Warning: Token not allowed in a PDF string (Unicode):
(hyperref)                removing `\@@underline' on input line 1.


Package hyperref Warning: Token not allowed in a PDF string (Unicode):
(hyperref)                removing `\hbox' on input line 1.


Package hyperref Warning: Token not allowed in a PDF string (Unicode):
(hyperref)                removing `\mathsurround' on input line 1.


Package hyperref Warning: Token not allowed in a PDF string (Unicode):
(hyperref)                removing `\z@' on input line 1.


Package hyperref Warning: Token not allowed in a PDF string (Unicode):
(hyperref)                removing `math shift' on input line 1.


Package hyperref Warning: Token not allowed in a PDF string (Unicode):
(hyperref)                removing `math shift' on input line 1.


Package hyperref Warning: Token not allowed in a PDF string (Unicode):
(hyperref)                removing `\@@underline' on input line 1.


Package hyperref Warning: Token not allowed in a PDF string (Unicode):
(hyperref)                removing `\hbox' on input line 1.


Package hyperref Warning: Token not allowed in a PDF string (Unicode):
(hyperref)                removing `\mathsurround' on input line 1.


Package hyperref Warning: Token not allowed in a PDF string (Unicode):
(hyperref)                removing `\z@' on input line 1.


Package hyperref Warning: Token not allowed in a PDF string (Unicode):
(hyperref)                removing `math shift' on input line 1.

<figs/topogen/samples_overview.png, id=231, 1062.369pt x 411.2163pt>
File: figs/topogen/samples_overview.png Graphic file (type png)
<use figs/topogen/samples_overview.png>
Package pdftex.def Info: figs/topogen/samples_overview.png  used on input line 6.
(pdftex.def)             Requested size: 483.69687pt x 187.22919pt.


[3


{/usr/share/texmf-dist/fonts/enc/dvips/libertine/lbtn_naooyc.enc} <./figs/topogen/samples_overview.png>]

[4]
<figs/topogen/thingi_genus_hist.pdf, id=279, 822.13484pt x 556.14648pt>
File: figs/topogen/thingi_genus_hist.pdf Graphic file (type pdf)
<use figs/topogen/thingi_genus_hist.pdf>
Package pdftex.def Info: figs/topogen/thingi_genus_hist.pdf  used on input line 67.
(pdftex.def)             Requested size: 241.84843pt x 163.60353pt.
<figs/eulearn/dataset_samples.pdf, id=282, 5420.25pt x 2996.19376pt>
File: figs/eulearn/dataset_samples.pdf Graphic file (type pdf)
<use figs/eulearn/dataset_samples.pdf>
Package pdftex.def Info: figs/eulearn/dataset_samples.pdf  used on input line 74.
(pdftex.def)             Requested size: 241.84843pt x 133.67995pt.


[5 <./figs/topogen/thingi_genus_hist.pdf> <./figs/eulearn/dataset_samples.pdf>]

LaTeX Warning: Reference `sec:topogen-complements' on page 6 undefined on input line 90.



[6]
LaTeX Font Info:    Font shape `T1/LinuxLibertineT-TLF/m/n' will be
(Font)              scaled to size 8.0pt on input line 127.
LaTeX Font Info:    Font shape `T1/LinuxLibertineT-TLF/m/n' will be
(Font)              scaled to size 6.0pt on input line 127.
<figs/topogen/toroids_overview.png, id=354, 1083.3273pt x 1083.3273pt>
File: figs/topogen/toroids_overview.png Graphic file (type png)
<use figs/topogen/toroids_overview.png>
Package pdftex.def Info: figs/topogen/toroids_overview.png  used on input line 160.
(pdftex.def)             Requested size: 232.17242pt x 232.16696pt.
LaTeX Font Info:    Font shape `T1/LinuxLibertineT-TLF/m/n' will be
(Font)              scaled to size 10.0pt on input line 161.
<figs/topogen/ellipsoids_overview.png, id=355, 1083.3273pt x 1083.3273pt>
File: figs/topogen/ellipsoids_overview.png Graphic file (type png)
<use figs/topogen/ellipsoids_overview.png>
Package pdftex.def Info: figs/topogen/ellipsoids_overview.png  used on input line 167.
(pdftex.def)             Requested size: 232.17242pt x 232.16696pt.


[7]

[8 <./figs/topogen/toroids_overview.png> <./figs/topogen/ellipsoids_overview.png>]
<figs/topogen/ktori_overview.png, id=376, 1445.4pt x 1445.4pt>
File: figs/topogen/ktori_overview.png Graphic file (type png)
<use figs/topogen/ktori_overview.png>
Package pdftex.def Info: figs/topogen/ktori_overview.png  used on input line 203.
(pdftex.def)             Requested size: 232.17242pt x 232.17297pt.
LaTeX Font Info:    Font shape `T1/LinuxLibertineT-TLF/b/n' will be
(Font)              scaled to size 10.0pt on input line 210.
LaTeX Font Info:    Font shape `T1/LinuxLibertineT-TLF/m/it' will be
(Font)              scaled to size 10.0pt on input line 210.
<figs/topogen/twisted_comparison.png, id=377, 1422.0327pt x 1423.719pt>
File: figs/topogen/twisted_comparison.png Graphic file (type png)
<use figs/topogen/twisted_comparison.png>
Package pdftex.def Info: figs/topogen/twisted_comparison.png  used on input line 216.
(pdftex.def)             Requested size: 232.17242pt x 232.44867pt.


[9 <./figs/topogen/ktori_overview.png> <./figs/topogen/twisted_comparison.png>]

LaTeX Warning: Reference `fig:dgcnn-saliency' on page 10 undefined on input line 276.

<figs/topogen/umaps_overview.pdf, id=398, 2876.3461pt x 636.05507pt>
File: figs/topogen/umaps_overview.pdf Graphic file (type pdf)
<use figs/topogen/umaps_overview.pdf>
Package pdftex.def Info: figs/topogen/umaps_overview.pdf  used on input line 280.
(pdftex.def)             Requested size: 483.69687pt x 106.95357pt.
<figs/topogen/components_genus_hist.pdf, id=399, 1423.47643pt x 483.79025pt>
File: figs/topogen/components_genus_hist.pdf Graphic file (type pdf)
<use figs/topogen/components_genus_hist.pdf>
Package pdftex.def Info: figs/topogen/components_genus_hist.pdf  used on input line 289.
(pdftex.def)             Requested size: 319.2417pt x 108.49376pt.
<figs/topogen/generation_time.pdf, id=400, 651.59862pt x 329.46213pt>
File: figs/topogen/generation_time.pdf Graphic file (type pdf)
<use figs/topogen/generation_time.pdf>
Package pdftex.def Info: figs/topogen/generation_time.pdf  used on input line 296.
(pdftex.def)             Requested size: 159.62085pt x 80.70634pt.


[10 <./figs/topogen/umaps_overview.pdf>]) (./sec/used_models.tex

[11 <./figs/topogen/components_genus_hist.pdf> <./figs/topogen/generation_time.pdf>]
Overfull \hbox (2.99895pt too wide) in paragraph at lines 23--24
[]\T1/LinuxLibertineT-TLF/m/n/10.95 With this vo-cab-u-lary in place, Point-BERT pre-trains the Trans-former us-ing Masked Point Mod-el-ing (MPM):
 []



[12]
Overfull \hbox (7.74867pt too wide) in paragraph at lines 58--82
 [] 
 []

) (./sec/ph.tex

[13]

[14]
<figs/ph/expers_v2.pdf, id=577, 580.1675pt x 187.70125pt>
File: figs/ph/expers_v2.pdf Graphic file (type pdf)
<use figs/ph/expers_v2.pdf>
Package pdftex.def Info: figs/ph/expers_v2.pdf  used on input line 63.
(pdftex.def)             Requested size: 483.69687pt x 156.49083pt.
<figs/ph/expers2_ord_v2.pdf, id=578, 530.98375pt x 251.94125pt>
File: figs/ph/expers2_ord_v2.pdf Graphic file (type pdf)
<use figs/ph/expers2_ord_v2.pdf>
Package pdftex.def Info: figs/ph/expers2_ord_v2.pdf  used on input line 73.
(pdftex.def)             Requested size: 232.17242pt x 110.1625pt.
<figs/ph/expers2_v2.pdf, id=579, 530.98375pt x 251.94125pt>
File: figs/ph/expers2_v2.pdf Graphic file (type pdf)
<use figs/ph/expers2_v2.pdf>
Package pdftex.def Info: figs/ph/expers2_v2.pdf  used on input line 79.
(pdftex.def)             Requested size: 232.17242pt x 110.1625pt.
<figs/ph/examples/pd_example.pdf, id=588, 562.1pt x 558.085pt>
File: figs/ph/examples/pd_example.pdf Graphic file (type pdf)
<use figs/ph/examples/pd_example.pdf>
Package pdftex.def Info: figs/ph/examples/pd_example.pdf  used on input line 99.
(pdftex.def)             Requested size: 111.2482pt x 110.44836pt.
<figs/ph/examples/landscape_example.pdf, id=589, 280.04625pt x 278.23952pt>
File: figs/ph/examples/landscape_example.pdf Graphic file (type pdf)
<use figs/ph/examples/landscape_example.pdf>
Package pdftex.def Info: figs/ph/examples/landscape_example.pdf  used on input line 103.
(pdftex.def)             Requested size: 111.2482pt x 110.52962pt.
<figs/ph/examples/persistence_image_example.pdf, id=590, 278.23952pt x 278.23952pt>
File: figs/ph/examples/persistence_image_example.pdf Graphic file (type pdf)
<use figs/ph/examples/persistence_image_example.pdf>
Package pdftex.def Info: figs/ph/examples/persistence_image_example.pdf  used on input line 107.
(pdftex.def)             Requested size: 111.2482pt x 111.24713pt.
<figs/ph/examples/betti_curve_example.pdf, id=591, 338.32085pt x 338.97389pt>
File: figs/ph/examples/betti_curve_example.pdf Graphic file (type pdf)
<use figs/ph/examples/betti_curve_example.pdf>
Package pdftex.def Info: figs/ph/examples/betti_curve_example.pdf  used on input line 111.
(pdftex.def)             Requested size: 111.2482pt x 111.46346pt.


[15 <./figs/ph/expers_v2.pdf> <./figs/ph/expers2_ord_v2.pdf

pdfTeX warning: pdflatex (file ./figs/ph/expers2_ord_v2.pdf): PDF inclusion: multiple pdfs with page group included in a single page
> <./figs/ph/expers2_v2.pdf

pdfTeX warning: pdflatex (file ./figs/ph/expers2_v2.pdf): PDF inclusion: multiple pdfs with page group included in a single page
>]

[16 <./figs/ph/examples/pd_example.pdf> <./figs/ph/examples/landscape_example.pdf> <./figs/ph/examples/persistence_image_example.pdf> <./figs/ph/examples/betti_curve_example.pdf>]) (./sec/suppl_topogen.tex

[17]
<figs/eulearn/umap_comparison_original_rotated.pdf, id=951, 1207.96925pt x 653.57616pt>
File: figs/eulearn/umap_comparison_original_rotated.pdf Graphic file (type pdf)
<use figs/eulearn/umap_comparison_original_rotated.pdf>
Package pdftex.def Info: figs/eulearn/umap_comparison_original_rotated.pdf  used on input line 18.
(pdftex.def)             Requested size: 338.58632pt x 183.18954pt.
<figs/eulearn/accuracy_vs_angle.pdf, id=953, 555.24155pt x 338.30838pt>
File: figs/eulearn/accuracy_vs_angle.pdf Graphic file (type pdf)
<use figs/eulearn/accuracy_vs_angle.pdf>
Package pdftex.def Info: figs/eulearn/accuracy_vs_angle.pdf  used on input line 29.
(pdftex.def)             Requested size: 217.66211pt x 132.62114pt.

Underfull \hbox (badness 1354) in paragraph at lines 30--30
[]\T1/LinuxLibertineT-TLF/m/n/10.95 Figure 11: |\T1/LinuxLibertineT-TLF/b/n/10.95 Clas-si-fi-ca-tion ac-cu-racy of a $\OML/cmm/m/it/10.95 k$\T1/LinuxLibertineT-TLF/b/n/10.95 -
 []

<figs/utils/unrotated.pdf, id=954, 1081.03876pt x 1081.03876pt>
File: figs/utils/unrotated.pdf Graphic file (type pdf)
<use figs/utils/unrotated.pdf>
Package pdftex.def Info: figs/utils/unrotated.pdf  used on input line 39.
(pdftex.def)             Requested size: 10.93637pt x 10.95pt.
File: figs/utils/unrotated.pdf Graphic file (type pdf)
<use figs/utils/unrotated.pdf>
Package pdftex.def Info: figs/utils/unrotated.pdf  used on input line 40.
(pdftex.def)             Requested size: 10.93637pt x 10.95pt.
<figs/utils/rotated.pdf, id=955, 602.25pt x 602.25pt>
File: figs/utils/rotated.pdf Graphic file (type pdf)
<use figs/utils/rotated.pdf>
Package pdftex.def Info: figs/utils/rotated.pdf  used on input line 42.
(pdftex.def)             Requested size: 10.94478pt x 10.95pt.
File: figs/utils/rotated.pdf Graphic file (type pdf)
<use figs/utils/rotated.pdf>
Package pdftex.def Info: figs/utils/rotated.pdf  used on input line 45.
(pdftex.def)             Requested size: 10.94478pt x 10.95pt.
File: figs/utils/rotated.pdf Graphic file (type pdf)
<use figs/utils/rotated.pdf>
Package pdftex.def Info: figs/utils/rotated.pdf  used on input line 46.
(pdftex.def)             Requested size: 10.94478pt x 10.95pt.
File: figs/utils/unrotated.pdf Graphic file (type pdf)
<use figs/utils/unrotated.pdf>
Package pdftex.def Info: figs/utils/unrotated.pdf  used on input line 48.
(pdftex.def)             Requested size: 10.93637pt x 10.95pt.

Overfull \hbox (2.99934pt too wide) in paragraph at lines 35--52
 [][] 
 []

File: figs/utils/unrotated.pdf Graphic file (type pdf)
<use figs/utils/unrotated.pdf>
Package pdftex.def Info: figs/utils/unrotated.pdf  used on input line 52.
(pdftex.def)             Requested size: 10.93637pt x 10.95pt.
File: figs/utils/rotated.pdf Graphic file (type pdf)
<use figs/utils/rotated.pdf>
Package pdftex.def Info: figs/utils/rotated.pdf  used on input line 52.
(pdftex.def)             Requested size: 10.94478pt x 10.95pt.
File: figs/utils/unrotated.pdf Graphic file (type pdf)
<use figs/utils/unrotated.pdf>
Package pdftex.def Info: figs/utils/unrotated.pdf  used on input line 52.
(pdftex.def)             Requested size: 10.93637pt x 10.95pt.
File: figs/utils/rotated.pdf Graphic file (type pdf)
<use figs/utils/rotated.pdf>
Package pdftex.def Info: figs/utils/rotated.pdf  used on input line 52.
(pdftex.def)             Requested size: 10.94478pt x 10.95pt.

Underfull \hbox (badness 1810) in paragraph at lines 52--52
\T1/LinuxLibertineT-TLF/b/n/10.95 em-bed-dings of canon-i-cal vs. ro-tated shapes.
 []


LaTeX Warning: `h' float specifier changed to `ht'.



[18

 <./figs/eulearn/umap_comparison_original_rotated.pdf>]
Package hyperref Info: bookmark level for unknown algorithm defaults to 0 on input line 70.
LaTeX Font Info:    Trying to load font information for U+euf on input line 73.
 (/usr/share/texmf-dist/tex/latex/amsfonts/ueuf.fd
File: ueuf.fd 2013/01/14 v3.01 Euler Fraktur
)

[19 <./figs/eulearn/accuracy_vs_angle.pdf> <./figs/utils/unrotated.pdf> <./figs/utils/rotated.pdf

pdfTeX warning: pdflatex (file ./figs/utils/rotated.pdf): PDF inclusion: multiple pdfs with page group included in a single page
>]

[20]
LaTeX Font Info:    Font shape `T1/LinuxLibertineT-TLF/m/sc' will be
(Font)              scaled to size 10.95pt on input line 152.
) (./sec/suppl_definitions.tex

[21{/usr/share/texmf-dist/fonts/enc/dvips/libertine/lbtn_ncsllp.enc}])
LaTeX Font Info:    Trying to load font information for T1+LinuxLibertineMonoT-TLF on input line 140.
 (/usr/share/texmf-dist/tex/latex/libertine/T1LinuxLibertineMonoT-TLF.fd
File: T1LinuxLibertineMonoT-TLF.fd 2019/05/20 (autoinst) Font definitions for T1/LinuxLibertineMonoT-TLF.
)
LaTeX Font Info:    Font shape `T1/LinuxLibertineMonoT-TLF/m/n' in size <10.95> not available
(Font)              Font shape `T1/LinuxLibertineMonoT-TLF/regular/n' tried instead on input line 140.
LaTeX Font Info:    Font shape `T1/LinuxLibertineMonoT-TLF/regular/n' will be
(Font)              scaled to size 10.95pt on input line 140.

Overfull \hbox (0.12944pt too wide) in paragraph at lines 141--141
[]\T1/LinuxLibertineT-TLF/m/n/10.95 Matt Deitke et al. \T1/LinuxLibertineT-TLF/m/it/10.95 Ob-ja-verse: A Uni-verse of An-no-tated 3D Ob-jects\T1/LinuxLibertineT-TLF/m/n/10.95 . 2022. arXiv: [][]$\T1/LinuxLibertineMonoT-TLF/regular/n/10.95 2212 . 08051$ [cs.CV][][]\T1/LinuxLibertineT-TLF/m/n/10.95 .
 []



[22{/usr/share/texmf-dist/fonts/enc/dvips/libertine/lbtn_dhi6qf.enc}]
Overfull \hbox (4.94946pt too wide) in paragraph at lines 141--141
[]\T1/LinuxLibertineT-TLF/m/n/10.95 Christoph Hofer et al. \T1/LinuxLibertineT-TLF/m/it/10.95 Deep Learn-ing with Topo-log-i-cal Sig-na-tures\T1/LinuxLibertineT-TLF/m/n/10.95 . 2018. arXiv: [][]$\T1/LinuxLibertineMonoT-TLF/regular/n/10.95 1707 . 04041$ [cs.CV][][]\T1/LinuxLibertineT-TLF/m/n/10.95 .
 []


Overfull \hbox (10.30511pt too wide) in paragraph at lines 141--141
[]\T1/LinuxLibertineT-TLF/m/n/10.95 Yue Wang et al. \T1/LinuxLibertineT-TLF/m/it/10.95 Dy-namic Graph CNN for Learn-ing on Point Clouds\T1/LinuxLibertineT-TLF/m/n/10.95 . 2019. arXiv: [][]$\T1/LinuxLibertineMonoT-TLF/regular/n/10.95 1801 . 07829$ [cs.CV][][]\T1/LinuxLibertineT-TLF/m/n/10.95 .
 []



[23]

[24] (./main.aux)
 ***********
LaTeX2e <2024-11-01> patch level 2
L3 programming layer <2025-01-18>
 ***********


LaTeX Warning: There were undefined references.

Package rerunfilecheck Info: File `main.out' has not changed.
(rerunfilecheck)             Checksum: C17526FEC000665DA3537F57C67B6EC7;6213.
Package logreq Info: Writing requests to 'main.run.xml'.
\openout1 = `main.run.xml'.

 ) 
Here is how much of TeX's memory you used:
 40534 strings out of 473190
 808905 string characters out of 5722593
 1590018 words of memory out of 5000000
 62990 multiletter control sequences out of 15000+600000
 648822 words of font info for 113 fonts, out of 8000000 for 9000
 1141 hyphenation exceptions out of 8191
 98i,18n,131p,1991b,1568s stack positions out of 10000i,1000n,20000p,200000b,200000s
</usr/share/texmf-dist/fonts/type1/public/libertine/LinLibertineMT.pfb></usr/share/texmf-dist/fonts/type1/public/libertine/LinLibertineT.pfb></usr/share/texmf-dist/fonts/type1/public/libertine/LinLibertineTB.pfb></usr/share/texmf-dist/fonts/type1/public/libertine/LinLibertineTI.pfb></usr/share/texmf-dist/fonts/type1/public/amsfonts/cm/cmbx10.pfb></usr/share/texmf-dist/fonts/type1/public/amsfonts/cm/cmex10.pfb></usr/share/texmf-dist/fonts/type1/public/amsfonts/cm/cmmi10.pfb></usr/share/texmf-dist/fonts/type1/public/amsfonts/cm/cmmi6.pfb></usr/share/texmf-dist/fonts/type1/public/amsfonts/cm/cmmi8.pfb></usr/share/texmf-dist/fonts/type1/public/amsfonts/cm/cmr10.pfb></usr/share/texmf-dist/fonts/type1/public/amsfonts/cm/cmr6.pfb></usr/share/texmf-dist/fonts/type1/public/amsfonts/cm/cmr8.pfb></usr/share/texmf-dist/fonts/type1/public/amsfonts/cm/cmsy10.pfb></usr/share/texmf-dist/fonts/type1/public/amsfonts/cm/cmsy8.pfb></usr/share/texmf-dist/fonts/type1/public/amsfonts/euler/eufm10.pfb></usr/share/texmf-dist/fonts/type1/public/amsfonts/symbols/msam10.pfb></usr/share/texmf-dist/fonts/type1/public/amsfonts/symbols/msbm10.pfb></usr/share/texmf-dist/fonts/type1/public/stmaryrd/stmary10.pfb></usr/share/texmf-dist/fonts/type1/public/stmaryrd/stmary8.pfb>
Output written on main.pdf (25 pages, 17960971 bytes).
PDF statistics:
 1318 PDF objects out of 1440 (max. 8388607)
 881 compressed objects within 9 object streams
 132 named destinations out of 1000 (max. 500000)
 536 words of extra memory for PDF output out of 10000 (max. 10000000)

