\BOOKMARK [1][-]{section.1}{\376\377\000I\000n\000t\000r\000o\000d\000u\000c\000t\000i\000o\000n}{}% 1
\BOOKMARK [1][-]{section.2}{\376\377\000D\000O\000N\000U\000T\000:\000\040\000D\000a\000t\000a\000s\000e\000t\000\040\000O\000f\000\040\000m\000a\000N\000i\000f\000o\000l\000d\000\040\000s\000t\000r\000U\000c\000T\000u\000r\000e\000s}{}% 2
\BOOKMARK [2][-]{subsection.2.1}{\376\377\000E\000x\000i\000s\000t\000i\000n\000g\000\040\000d\000a\000t\000a\000s\000e\000t\000s}{section.2}% 3
\BOOKMARK [2][-]{subsection.2.2}{\376\377\000M\000e\000t\000h\000o\000d}{section.2}% 4
\BOOKMARK [3][-]{subsubsection.2.2.1}{\376\377\000L\000a\000b\000e\000l\000s\000\040\000D\000i\000s\000t\000r\000i\000b\000u\000t\000i\000o\000n}{subsection.2.2}% 5
\BOOKMARK [3][-]{subsubsection.2.2.2}{\376\377\000S\000a\000m\000p\000l\000e\000-\000L\000e\000v\000e\000l\000\040\000P\000r\000o\000p\000e\000r\000t\000i\000e\000s}{subsection.2.2}% 6
\BOOKMARK [3][-]{subsubsection.2.2.3}{\376\377\000M\000e\000s\000h\000\040\000G\000e\000n\000e\000r\000a\000t\000i\000o\000n}{subsection.2.2}% 7
\BOOKMARK [3][-]{subsubsection.2.2.4}{\376\377\000T\000o\000p\000o\000l\000o\000g\000i\000c\000a\000l\000\040\000C\000o\000n\000s\000i\000s\000t\000e\000n\000c\000y\000\040\000a\000n\000d\000\040\000D\000i\000v\000e\000r\000s\000i\000t\000y}{subsection.2.2}% 8
\BOOKMARK [2][-]{subsection.2.3}{\376\377\000A\000n\000a\000l\000y\000s\000i\000s}{section.2}% 9
\BOOKMARK [3][-]{subsubsection.2.3.1}{\376\377\000G\000e\000n\000e\000r\000a\000l\000\040\000P\000r\000o\000p\000e\000r\000t\000i\000e\000s}{subsection.2.3}% 10
\BOOKMARK [3][-]{subsubsection.2.3.2}{\376\377\000B\000a\000s\000e\000l\000i\000n\000e\000s\000\040\000a\000n\000d\000\040\000T\000r\000a\000n\000s\000f\000e\000r\000a\000b\000i\000l\000i\000t\000y}{subsection.2.3}% 11
\BOOKMARK [3][-]{subsubsection.2.3.3}{\376\377\000S\000a\000l\000i\000e\000n\000c\000y\000\040\000A\000n\000a\000l\000y\000s\000i\000s}{subsection.2.3}% 12
\BOOKMARK [2][-]{subsection.2.4}{\376\377\000L\000i\000m\000i\000t\000a\000t\000i\000o\000n\000s\000\040\000a\000n\000d\000\040\000F\000u\000r\000t\000h\000e\000r\000\040\000I\000m\000p\000r\000o\000v\000e\000m\000e\000n\000t\000s}{section.2}% 13
\BOOKMARK [1][-]{section.3}{\376\377\000U\000s\000e\000d\000\040\000M\000o\000d\000e\000l\000s}{}% 14
\BOOKMARK [2][-]{subsection.3.1}{\376\377\000B\000a\000s\000e\000l\000i\000n\000e\000s\000\040\000M\000o\000d\000e\000l\000s}{section.3}% 15
\BOOKMARK [2][-]{subsection.3.2}{\376\377\000T\000r\000a\000n\000s\000f\000o\000r\000m\000e\000r\000-\000b\000a\000s\000e\000d\000\040\000m\000o\000d\000e\000l\000s}{section.3}% 16
\BOOKMARK [3][-]{subsubsection.3.2.1}{\376\377\000P\000o\000i\000n\000t\000-\000B\000E\000R\000T\000:\000\040\000D\000i\000s\000c\000r\000e\000t\000e\000\040\000T\000o\000k\000e\000n\000i\000z\000a\000t\000i\000o\000n\000\040\000a\000n\000d\000\040\000M\000a\000s\000k\000e\000d\000\040\000M\000o\000d\000e\000l\000i\000n\000g}{subsection.3.2}% 17
\BOOKMARK [3][-]{subsubsection.3.2.2}{\376\377\000P\000o\000i\000n\000t\000-\000M\000A\000E\000:\000\040\000C\000o\000n\000t\000i\000n\000u\000o\000u\000s\000\040\000T\000o\000k\000e\000n\000s\000\040\000a\000n\000d\000\040\000M\000a\000s\000k\000e\000d\000\040\000A\000u\000t\000o\000e\000n\000c\000o\000d\000i\000n\000g}{subsection.3.2}% 18
\BOOKMARK [3][-]{subsubsection.3.2.3}{\376\377\000H\000i\000e\000r\000a\000r\000c\000h\000i\000c\000a\000l\000\040\000E\000x\000t\000e\000n\000s\000i\000o\000n\000s\000:\000\040\000M\000u\000l\000t\000i\000-\000S\000c\000a\000l\000e\000\040\000R\000e\000p\000r\000e\000s\000e\000n\000t\000a\000t\000i\000o\000n\000s}{subsection.3.2}% 19
\BOOKMARK [3][-]{subsubsection.3.2.4}{\376\377\000F\000u\000r\000t\000h\000e\000r\000\040\000I\000m\000p\000r\000o\000v\000e\000m\000e\000n\000t\000s}{subsection.3.2}% 20
\BOOKMARK [3][-]{subsubsection.3.2.5}{\376\377\000C\000o\000m\000p\000a\000r\000a\000t\000i\000v\000e\000\040\000V\000i\000e\000w}{subsection.3.2}% 21
\BOOKMARK [1][-]{section.4}{\376\377\000S\000u\000b\000s\000p\000a\000c\000e\000\040\000A\000l\000i\000g\000n\000m\000e\000n\000t\000\040\000w\000i\000t\000h\000\040\000P\000e\000r\000s\000i\000s\000t\000e\000n\000t\000\040\000H\000o\000m\000o\000l\000o\000g\000y}{}% 22
\BOOKMARK [2][-]{subsection.4.1}{\376\377\000P\000e\000r\000s\000i\000s\000t\000e\000n\000c\000e\000\040\000D\000i\000a\000g\000r\000a\000m\000s}{section.4}% 23
\BOOKMARK [2][-]{subsection.4.2}{\376\377\000V\000e\000c\000t\000o\000r\000i\000z\000a\000t\000i\000o\000n\000\040\000o\000f\000\040\000P\000e\000r\000s\000i\000s\000t\000e\000n\000c\000e\000\040\000D\000i\000a\000g\000r\000a\000m\000s}{section.4}% 24
\BOOKMARK [2][-]{subsection.4.3}{\376\377\000S\000u\000b\000s\000p\000a\000c\000e\000\040\000A\000l\000i\000g\000n\000m\000e\000n\000t\000\040\000P\000r\000o\000t\000o\000c\000o\000l}{section.4}% 25
\BOOKMARK [1][-]{appendix.A}{\376\377\000S\000u\000p\000p\000l\000e\000m\000e\000n\000t\000a\000r\000y\000\040\000M\000a\000t\000e\000r\000i\000a\000l\000\040\000f\000o\000r\000\040\000D\000O\000N\000U\000T}{}% 26
\BOOKMARK [2][-]{subsection.A.1}{\376\377\000E\000u\000L\000e\000a\000r\000n\000\040\000D\000a\000t\000a\000s\000e\000t\000\040\000A\000n\000a\000l\000y\000s\000i\000s}{appendix.A}% 27
\BOOKMARK [2][-]{subsection.A.2}{\376\377\000S\000a\000m\000p\000l\000i\000n\000g\000\040\000L\000a\000b\000e\000l\000s}{appendix.A}% 28
\BOOKMARK [2][-]{subsection.A.3}{\376\377\000C\000h\000o\000o\000s\000i\000n\000g\000\040\000C\000o\000m\000p\000o\000n\000e\000n\000t\000s\000\040\000S\000h\000a\000p\000e\000s}{appendix.A}% 29
\BOOKMARK [2][-]{subsection.A.4}{\376\377\000B\000a\000s\000e\000l\000i\000n\000e\000s\000\040\000T\000r\000a\000i\000n\000i\000n\000g\000\040\000D\000e\000t\000a\000i\000l\000s}{appendix.A}% 30
\BOOKMARK [2][-]{subsection.A.5}{\376\377\000A\000d\000d\000i\000t\000i\000o\000n\000a\000l\000\040\000R\000e\000s\000u\000l\000t\000s}{appendix.A}% 31
\BOOKMARK [1][-]{appendix.B}{\376\377\000S\000u\000p\000p\000l\000e\000m\000e\000n\000t\000a\000r\000y\000\040\000D\000e\000f\000i\000n\000i\000t\000i\000o\000n\000s}{}% 32
\BOOKMARK [2][-]{subsection.B.1}{\376\377\000M\000e\000t\000r\000i\000c\000s}{appendix.B}% 33
